{"/home/travis/build/npmtest/node-npmtest-livereload/test.js":{"path":"/home/travis/build/npmtest/node-npmtest-livereload/test.js","s":{"1":2,"2":2,"3":2,"4":2,"5":2,"6":2,"7":2,"8":1,"9":2,"10":2,"11":1,"12":1,"13":1,"14":1,"15":2,"16":2,"17":2,"18":2,"19":1,"20":1,"21":2,"22":2,"23":2,"24":1,"25":1,"26":1,"27":1,"28":1,"29":1,"30":1,"31":1,"32":1,"33":1,"34":1,"35":1,"36":1,"37":1,"38":1,"39":2,"40":2,"41":1,"42":2,"43":2,"44":1,"45":2,"46":2,"47":1,"48":2,"49":2,"50":1,"51":1,"52":1,"53":1,"54":1},"b":{"1":[2,1,1,1],"2":[1,1,1,1],"3":[1,1],"4":[1,1],"5":[1,1],"6":[1,1],"7":[1,1],"8":[1,1],"9":[1,1],"10":[1,1,1],"11":[1,1],"12":[1,1],"13":[1,1],"14":[1,1],"15":[1,1],"16":[1,1],"17":[1,1]},"f":{"1":2,"2":2,"3":2,"4":2,"5":2,"6":1,"7":1,"8":1,"9":2,"10":2,"11":2,"12":2,"13":1},"fnMap":{"1":{"name":"(anonymous_1)","line":12,"loc":{"start":{"line":12,"column":1},"end":{"line":12,"column":13}}},"2":{"name":"(anonymous_2)","line":19,"loc":{"start":{"line":19,"column":5},"end":{"line":19,"column":17}}},"3":{"name":"(anonymous_3)","line":23,"loc":{"start":{"line":23,"column":24},"end":{"line":23,"column":36}}},"4":{"name":"(anonymous_4)","line":61,"loc":{"start":{"line":61,"column":5},"end":{"line":61,"column":17}}},"5":{"name":"(anonymous_5)","line":82,"loc":{"start":{"line":82,"column":5},"end":{"line":82,"column":17}}},"6":{"name":"(anonymous_6)","line":91,"loc":{"start":{"line":91,"column":77},"end":{"line":94,"column":10}}},"7":{"name":"(anonymous_7)","line":112,"loc":{"start":{"line":112,"column":83},"end":{"line":115,"column":10}},"skip":true},"8":{"name":"(anonymous_8)","line":123,"loc":{"start":{"line":123,"column":77},"end":{"line":126,"column":10}},"skip":true},"9":{"name":"(anonymous_9)","line":139,"loc":{"start":{"line":139,"column":12},"end":{"line":139,"column":40}},"skip":true},"10":{"name":"(anonymous_10)","line":147,"loc":{"start":{"line":147,"column":77},"end":{"line":150,"column":10}},"skip":true},"11":{"name":"(anonymous_11)","line":158,"loc":{"start":{"line":158,"column":83},"end":{"line":161,"column":10}},"skip":true},"12":{"name":"(anonymous_12)","line":169,"loc":{"start":{"line":169,"column":79},"end":{"line":172,"column":10}},"skip":true},"13":{"name":"(anonymous_13)","line":180,"loc":{"start":{"line":180,"column":75},"end":{"line":183,"column":10}},"skip":true}},"statementMap":{"1":{"start":{"line":12,"column":0},"end":{"line":195,"column":5}},"2":{"start":{"line":14,"column":4},"end":{"line":14,"column":14}},"3":{"start":{"line":19,"column":4},"end":{"line":56,"column":9}},"4":{"start":{"line":21,"column":8},"end":{"line":21,"column":19}},"5":{"start":{"line":23,"column":8},"end":{"line":35,"column":13}},"6":{"start":{"line":24,"column":12},"end":{"line":34,"column":13}},"7":{"start":{"line":25,"column":16},"end":{"line":28,"column":30}},"8":{"start":{"line":30,"column":16},"end":{"line":33,"column":27}},"9":{"start":{"line":37,"column":8},"end":{"line":39,"column":21}},"10":{"start":{"line":40,"column":8},"end":{"line":53,"column":9}},"11":{"start":{"line":43,"column":12},"end":{"line":46,"column":14}},"12":{"start":{"line":47,"column":12},"end":{"line":47,"column":18}},"13":{"start":{"line":50,"column":12},"end":{"line":51,"column":46}},"14":{"start":{"line":52,"column":12},"end":{"line":52,"column":18}},"15":{"start":{"line":55,"column":8},"end":{"line":55,"column":35}},"16":{"start":{"line":61,"column":4},"end":{"line":63,"column":9}},"17":{"start":{"line":62,"column":8},"end":{"line":62,"column":15}},"18":{"start":{"line":64,"column":4},"end":{"line":77,"column":5}},"19":{"start":{"line":70,"column":8},"end":{"line":70,"column":14}},"20":{"start":{"line":76,"column":8},"end":{"line":76,"column":14}},"21":{"start":{"line":82,"column":4},"end":{"line":84,"column":9}},"22":{"start":{"line":83,"column":8},"end":{"line":83,"column":15}},"23":{"start":{"line":85,"column":4},"end":{"line":194,"column":5}},"24":{"start":{"line":91,"column":8},"end":{"line":99,"column":10}},"25":{"start":{"line":98,"column":12},"end":{"line":98,"column":35}},"26":{"start":{"line":102,"column":8},"end":{"line":104,"column":63}},"27":{"start":{"line":105,"column":8},"end":{"line":105,"column":14}},"28":{"start":{"line":112,"column":8},"end":{"line":121,"column":10},"skip":true},"29":{"start":{"line":119,"column":12},"end":{"line":119,"column":55},"skip":true},"30":{"start":{"line":120,"column":12},"end":{"line":120,"column":48},"skip":true},"31":{"start":{"line":123,"column":8},"end":{"line":136,"column":10},"skip":true},"32":{"start":{"line":130,"column":12},"end":{"line":130,"column":76},"skip":true},"33":{"start":{"line":131,"column":12},"end":{"line":131,"column":73},"skip":true},"34":{"start":{"line":132,"column":12},"end":{"line":132,"column":74},"skip":true},"35":{"start":{"line":133,"column":12},"end":{"line":133,"column":79},"skip":true},"36":{"start":{"line":134,"column":12},"end":{"line":134,"column":25},"skip":true},"37":{"start":{"line":135,"column":12},"end":{"line":135,"column":45},"skip":true},"38":{"start":{"line":138,"column":8},"end":{"line":145,"column":14},"skip":true},"39":{"start":{"line":143,"column":16},"end":{"line":143,"column":29},"skip":true},"40":{"start":{"line":144,"column":16},"end":{"line":144,"column":55},"skip":true},"41":{"start":{"line":147,"column":8},"end":{"line":156,"column":10},"skip":true},"42":{"start":{"line":154,"column":12},"end":{"line":154,"column":25},"skip":true},"43":{"start":{"line":155,"column":12},"end":{"line":155,"column":45},"skip":true},"44":{"start":{"line":158,"column":8},"end":{"line":167,"column":10},"skip":true},"45":{"start":{"line":165,"column":12},"end":{"line":165,"column":25},"skip":true},"46":{"start":{"line":166,"column":12},"end":{"line":166,"column":48},"skip":true},"47":{"start":{"line":169,"column":8},"end":{"line":178,"column":10},"skip":true},"48":{"start":{"line":176,"column":12},"end":{"line":176,"column":25},"skip":true},"49":{"start":{"line":177,"column":12},"end":{"line":177,"column":46},"skip":true},"50":{"start":{"line":180,"column":8},"end":{"line":189,"column":10},"skip":true},"51":{"start":{"line":187,"column":12},"end":{"line":187,"column":94},"skip":true},"52":{"start":{"line":188,"column":12},"end":{"line":188,"column":48},"skip":true},"53":{"start":{"line":192,"column":8},"end":{"line":192,"column":35},"skip":true},"54":{"start":{"line":193,"column":8},"end":{"line":193,"column":14},"skip":true}},"branchMap":{"1":{"line":25,"type":"binary-expr","locations":[{"start":{"line":25,"column":23},"end":{"line":25,"column":62}},{"start":{"line":26,"column":20},"end":{"line":26,"column":70}},{"start":{"line":27,"column":20},"end":{"line":27,"column":71}},{"start":{"line":28,"column":20},"end":{"line":28,"column":29}}]},"2":{"line":30,"type":"binary-expr","locations":[{"start":{"line":30,"column":23},"end":{"line":30,"column":37}},{"start":{"line":31,"column":20},"end":{"line":31,"column":61}},{"start":{"line":32,"column":20},"end":{"line":32,"column":70}},{"start":{"line":33,"column":20},"end":{"line":33,"column":26}}]},"3":{"line":37,"type":"cond-expr","locations":[{"start":{"line":38,"column":14},"end":{"line":38,"column":20}},{"start":{"line":39,"column":14},"end":{"line":39,"column":20}}]},"4":{"line":40,"type":"switch","locations":[{"start":{"line":42,"column":8},"end":{"line":47,"column":18}},{"start":{"line":49,"column":8},"end":{"line":52,"column":18}}]},"5":{"line":44,"type":"binary-expr","locations":[{"start":{"line":44,"column":16},"end":{"line":44,"column":44}},{"start":{"line":44,"column":48},"end":{"line":44,"column":66}}]},"6":{"line":50,"type":"binary-expr","locations":[{"start":{"line":50,"column":21},"end":{"line":50,"column":49}},{"start":{"line":50,"column":53},"end":{"line":50,"column":72}}]},"7":{"line":64,"type":"switch","locations":[{"start":{"line":69,"column":4},"end":{"line":70,"column":14}},{"start":{"line":75,"column":4},"end":{"line":76,"column":14}}]},"8":{"line":85,"type":"switch","locations":[{"start":{"line":90,"column":4},"end":{"line":105,"column":14}},{"start":{"line":111,"column":4},"end":{"line":193,"column":14},"skip":true}]},"9":{"line":91,"type":"binary-expr","locations":[{"start":{"line":91,"column":42},"end":{"line":91,"column":73}},{"start":{"line":91,"column":77},"end":{"line":99,"column":9}}]},"10":{"line":102,"type":"binary-expr","locations":[{"start":{"line":102,"column":18},"end":{"line":102,"column":32}},{"start":{"line":103,"column":12},"end":{"line":103,"column":53}},{"start":{"line":104,"column":12},"end":{"line":104,"column":61}}]},"11":{"line":112,"type":"binary-expr","locations":[{"start":{"line":112,"column":45},"end":{"line":112,"column":79},"skip":true},{"start":{"line":112,"column":83},"end":{"line":121,"column":9},"skip":true}]},"12":{"line":123,"type":"binary-expr","locations":[{"start":{"line":123,"column":42},"end":{"line":123,"column":73},"skip":true},{"start":{"line":123,"column":77},"end":{"line":136,"column":9},"skip":true}]},"13":{"line":138,"type":"binary-expr","locations":[{"start":{"line":138,"column":48},"end":{"line":138,"column":85},"skip":true},{"start":{"line":139,"column":12},"end":{"line":145,"column":13},"skip":true}]},"14":{"line":147,"type":"binary-expr","locations":[{"start":{"line":147,"column":42},"end":{"line":147,"column":73},"skip":true},{"start":{"line":147,"column":77},"end":{"line":156,"column":9},"skip":true}]},"15":{"line":158,"type":"binary-expr","locations":[{"start":{"line":158,"column":45},"end":{"line":158,"column":79},"skip":true},{"start":{"line":158,"column":83},"end":{"line":167,"column":9},"skip":true}]},"16":{"line":169,"type":"binary-expr","locations":[{"start":{"line":169,"column":43},"end":{"line":169,"column":75},"skip":true},{"start":{"line":169,"column":79},"end":{"line":178,"column":9},"skip":true}]},"17":{"line":180,"type":"binary-expr","locations":[{"start":{"line":180,"column":41},"end":{"line":180,"column":71},"skip":true},{"start":{"line":180,"column":75},"end":{"line":189,"column":9},"skip":true}]}},"code":["/* istanbul instrument in package npmtest_livereload */","/*jslint","    bitwise: true,","    browser: true,","    maxerr: 8,","    maxlen: 96,","    node: true,","    nomen: true,","    regexp: true,","    stupid: true","*/","(function () {","    'use strict';","    var local;","","","","    // run shared js-env code - pre-init","    (function () {","        // init local","        local = {};","        // init modeJs","        local.modeJs = (function () {","            try {","                return typeof navigator.userAgent === 'string' &&","                    typeof document.querySelector('body') === 'object' &&","                    typeof XMLHttpRequest.prototype.open === 'function' &&","                    'browser';","            } catch (errorCaughtBrowser) {","                return module.exports &&","                    typeof process.versions.node === 'string' &&","                    typeof require('http').createServer === 'function' &&","                    'node';","            }","        }());","        // init global","        local.global = local.modeJs === 'browser'","            ? window","            : global;","        switch (local.modeJs) {","        // re-init local from window.local","        case 'browser':","            local = local.global.utility2.objectSetDefault(","                local.global.utility2_rollup || local.global.local,","                local.global.utility2","            );","            break;","        // re-init local from example.js","        case 'node':","            local = (local.global.utility2_rollup || require('utility2'))","                .requireExampleJsFromReadme();","            break;","        }","        // export local","        local.global.local = local;","    }());","","","","    // run shared js-env code - function","    (function () {","        return;","    }());","    switch (local.modeJs) {","","","","    // run browser js-env code - function","    case 'browser':","        break;","","","","    // run node js-env code - function","    case 'node':","        break;","    }","","","","    // run shared js-env code - post-init","    (function () {","        return;","    }());","    switch (local.modeJs) {","","","","    // run browser js-env code - post-init","    case 'browser':","        local.testCase_browser_nullCase = local.testCase_browser_nullCase || function (","            options,","            onError","        ) {","        /*","         * this function will test browsers's null-case handling-behavior-behavior","         */","            onError(null, options);","        };","","        // run tests","        local.nop(local.modeTest &&","            document.querySelector('#testRunButton1') &&","            document.querySelector('#testRunButton1').click());","        break;","","","","    // run node js-env code - post-init","    /* istanbul ignore next */","    case 'node':","        local.testCase_buildApidoc_default = local.testCase_buildApidoc_default || function (","            options,","            onError","        ) {","        /*","         * this function will test buildApidoc's default handling-behavior-behavior","         */","            options = { modulePathList: module.paths };","            local.buildApidoc(options, onError);","        };","","        local.testCase_buildApp_default = local.testCase_buildApp_default || function (","            options,","            onError","        ) {","        /*","         * this function will test buildApp's default handling-behavior-behavior","         */","            local.testCase_buildReadme_default(options, local.onErrorThrow);","            local.testCase_buildLib_default(options, local.onErrorThrow);","            local.testCase_buildTest_default(options, local.onErrorThrow);","            local.testCase_buildCustomOrg_default(options, local.onErrorThrow);","            options = [];","            local.buildApp(options, onError);","        };","","        local.testCase_buildCustomOrg_default = local.testCase_buildCustomOrg_default ||","            function (options, onError) {","            /*","             * this function will test buildCustomOrg's default handling-behavior","             */","                options = {};","                local.buildCustomOrg(options, onError);","            };","","        local.testCase_buildLib_default = local.testCase_buildLib_default || function (","            options,","            onError","        ) {","        /*","         * this function will test buildLib's default handling-behavior","         */","            options = {};","            local.buildLib(options, onError);","        };","","        local.testCase_buildReadme_default = local.testCase_buildReadme_default || function (","            options,","            onError","        ) {","        /*","         * this function will test buildReadme's default handling-behavior-behavior","         */","            options = {};","            local.buildReadme(options, onError);","        };","","        local.testCase_buildTest_default = local.testCase_buildTest_default || function (","            options,","            onError","        ) {","        /*","         * this function will test buildTest's default handling-behavior","         */","            options = {};","            local.buildTest(options, onError);","        };","","        local.testCase_webpage_default = local.testCase_webpage_default || function (","            options,","            onError","        ) {","        /*","         * this function will test webpage's default handling-behavior","         */","            options = { modeCoverageMerge: true, url: local.serverLocalHost + '?modeTest=1' };","            local.browserTest(options, onError);","        };","","        // run test-server","        local.testRunServer(local);","        break;","    }","}());",""],"l":{"12":2,"14":2,"19":2,"21":2,"23":2,"24":2,"25":2,"30":1,"37":2,"40":2,"43":1,"47":1,"50":1,"52":1,"55":2,"61":2,"62":2,"64":2,"70":1,"76":1,"82":2,"83":2,"85":2,"91":1,"98":1,"102":1,"105":1,"112":1,"119":1,"120":1,"123":1,"130":1,"131":1,"132":1,"133":1,"134":1,"135":1,"138":1,"143":2,"144":2,"147":1,"154":2,"155":2,"158":1,"165":2,"166":2,"169":1,"176":2,"177":2,"180":1,"187":1,"188":1,"192":1,"193":1}},"/home/travis/build/npmtest/node-npmtest-livereload/lib.npmtest_livereload.js":{"path":"/home/travis/build/npmtest/node-npmtest-livereload/lib.npmtest_livereload.js","s":{"1":2,"2":2,"3":2,"4":2,"5":2,"6":2,"7":2,"8":1,"9":2,"10":2,"11":2,"12":2,"13":1,"14":1,"15":1,"16":1},"b":{"1":[2,1,1,1],"2":[1,1,1,1],"3":[1,1],"4":[2,2],"5":[1,1]},"f":{"1":2,"2":2,"3":2},"fnMap":{"1":{"name":"(anonymous_1)","line":12,"loc":{"start":{"line":12,"column":1},"end":{"line":12,"column":13}}},"2":{"name":"(anonymous_2)","line":19,"loc":{"start":{"line":19,"column":5},"end":{"line":19,"column":17}}},"3":{"name":"(anonymous_3)","line":23,"loc":{"start":{"line":23,"column":24},"end":{"line":23,"column":36}}}},"statementMap":{"1":{"start":{"line":12,"column":0},"end":{"line":53,"column":5}},"2":{"start":{"line":14,"column":4},"end":{"line":14,"column":14}},"3":{"start":{"line":19,"column":4},"end":{"line":52,"column":9}},"4":{"start":{"line":21,"column":8},"end":{"line":21,"column":19}},"5":{"start":{"line":23,"column":8},"end":{"line":35,"column":13}},"6":{"start":{"line":24,"column":12},"end":{"line":34,"column":13}},"7":{"start":{"line":25,"column":16},"end":{"line":28,"column":30}},"8":{"start":{"line":30,"column":16},"end":{"line":33,"column":27}},"9":{"start":{"line":37,"column":8},"end":{"line":39,"column":21}},"10":{"start":{"line":41,"column":8},"end":{"line":41,"column":54}},"11":{"start":{"line":43,"column":8},"end":{"line":43,"column":55}},"12":{"start":{"line":45,"column":8},"end":{"line":51,"column":9}},"13":{"start":{"line":46,"column":12},"end":{"line":46,"column":61}},"14":{"start":{"line":48,"column":12},"end":{"line":48,"column":35}},"15":{"start":{"line":49,"column":12},"end":{"line":49,"column":49}},"16":{"start":{"line":50,"column":12},"end":{"line":50,"column":43}}},"branchMap":{"1":{"line":25,"type":"binary-expr","locations":[{"start":{"line":25,"column":23},"end":{"line":25,"column":62}},{"start":{"line":26,"column":20},"end":{"line":26,"column":70}},{"start":{"line":27,"column":20},"end":{"line":27,"column":71}},{"start":{"line":28,"column":20},"end":{"line":28,"column":29}}]},"2":{"line":30,"type":"binary-expr","locations":[{"start":{"line":30,"column":23},"end":{"line":30,"column":37}},{"start":{"line":31,"column":20},"end":{"line":31,"column":61}},{"start":{"line":32,"column":20},"end":{"line":32,"column":70}},{"start":{"line":33,"column":20},"end":{"line":33,"column":26}}]},"3":{"line":37,"type":"cond-expr","locations":[{"start":{"line":38,"column":14},"end":{"line":38,"column":20}},{"start":{"line":39,"column":14},"end":{"line":39,"column":20}}]},"4":{"line":41,"type":"binary-expr","locations":[{"start":{"line":41,"column":16},"end":{"line":41,"column":44}},{"start":{"line":41,"column":48},"end":{"line":41,"column":53}}]},"5":{"line":45,"type":"if","locations":[{"start":{"line":45,"column":8},"end":{"line":45,"column":8}},{"start":{"line":45,"column":8},"end":{"line":45,"column":8}}]}},"code":["/* istanbul instrument in package npmtest_livereload */","/*jslint","    bitwise: true,","    browser: true,","    maxerr: 8,","    maxlen: 96,","    node: true,","    nomen: true,","    regexp: true,","    stupid: true","*/","(function () {","    'use strict';","    var local;","","","","    // run shared js-env code - pre-init","    (function () {","        // init local","        local = {};","        // init modeJs","        local.modeJs = (function () {","            try {","                return typeof navigator.userAgent === 'string' &&","                    typeof document.querySelector('body') === 'object' &&","                    typeof XMLHttpRequest.prototype.open === 'function' &&","                    'browser';","            } catch (errorCaughtBrowser) {","                return module.exports &&","                    typeof process.versions.node === 'string' &&","                    typeof require('http').createServer === 'function' &&","                    'node';","            }","        }());","        // init global","        local.global = local.modeJs === 'browser'","            ? window","            : global;","        // init utility2_rollup","        local = local.global.utility2_rollup || local;","        // init lib","        local.local = local.npmtest_livereload = local;","        // init exports","        if (local.modeJs === 'browser') {","            local.global.utility2_npmtest_livereload = local;","        } else {","            module.exports = local;","            module.exports.__dirname = __dirname;","            module.exports.module = module;","        }","    }());","}());",""],"l":{"12":2,"14":2,"19":2,"21":2,"23":2,"24":2,"25":2,"30":1,"37":2,"41":2,"43":2,"45":2,"46":1,"48":1,"49":1,"50":1}},"/home/travis/build/npmtest/node-npmtest-livereload/example.js":{"path":"/home/travis/build/npmtest/node-npmtest-livereload/example.js","s":{"1":2,"2":2,"3":2,"4":2,"5":2,"6":2,"7":2,"8":1,"9":2,"10":2,"11":2,"12":2,"13":1,"14":2,"15":2,"16":2,"17":2,"18":2,"19":0,"20":2,"21":1,"22":1,"23":1,"24":1,"25":1,"26":0,"27":0,"28":1,"29":1,"30":2,"31":0,"32":0,"33":0,"34":1,"35":2,"36":2,"37":3,"38":3,"39":3,"40":3,"41":0,"42":3,"43":3,"44":3,"45":1,"46":3,"47":1,"48":1,"49":1,"50":1,"51":1,"52":1,"53":1,"54":1,"55":1,"56":1,"57":0,"58":1,"59":6,"60":6,"61":1,"62":2,"63":0,"64":2,"65":1,"66":1,"67":0,"68":0,"69":0,"70":0,"71":0,"72":0,"73":0,"74":0,"75":0,"76":0,"77":0,"78":0,"79":0,"80":0,"81":0,"82":0,"83":0},"b":{"1":[2,1,1,1],"2":[1,1,1,1],"3":[1,1],"4":[2,2],"5":[1,1],"6":[1,1],"7":[2,0],"8":[2,1,1,1,1,1],"9":[0,2,0],"10":[1,1],"11":[2,1,1],"12":[1,0],"13":[0,2],"14":[2,0,0,0,0,0,0],"15":[0,3],"16":[3,0],"17":[1,1],"18":[0,1],"19":[1,2,0,2],"20":[1,0],"21":[1,1],"22":[0,0],"23":[0,0],"24":[0,0],"25":[0,0],"26":[0,0],"27":[0,0],"28":[0,0]},"f":{"1":2,"2":2,"3":2,"4":2,"5":2,"6":2,"7":3,"8":3,"9":3,"10":1,"11":6,"12":0},"fnMap":{"1":{"name":"(anonymous_1)","line":26,"loc":{"start":{"line":26,"column":1},"end":{"line":26,"column":13}}},"2":{"name":"(anonymous_2)","line":33,"loc":{"start":{"line":33,"column":5},"end":{"line":33,"column":17}}},"3":{"name":"(anonymous_3)","line":37,"loc":{"start":{"line":37,"column":24},"end":{"line":37,"column":36}}},"4":{"name":"(anonymous_4)","line":69,"loc":{"start":{"line":69,"column":31},"end":{"line":69,"column":48}},"skip":true},"5":{"name":"(anonymous_5)","line":78,"loc":{"start":{"line":78,"column":26},"end":{"line":78,"column":45}},"skip":true},"6":{"name":"(anonymous_6)","line":123,"loc":{"start":{"line":123,"column":33},"end":{"line":123,"column":48}},"skip":true},"7":{"name":"(anonymous_7)","line":125,"loc":{"start":{"line":125,"column":27},"end":{"line":125,"column":39}},"skip":true},"8":{"name":"(anonymous_8)","line":133,"loc":{"start":{"line":133,"column":59},"end":{"line":133,"column":74}},"skip":true},"9":{"name":"(anonymous_9)","line":143,"loc":{"start":{"line":143,"column":45},"end":{"line":143,"column":62}},"skip":true},"10":{"name":"(anonymous_10)","line":144,"loc":{"start":{"line":144,"column":73},"end":{"line":144,"column":92}},"skip":true},"11":{"name":"(anonymous_11)","line":272,"loc":{"start":{"line":272,"column":51},"end":{"line":272,"column":77}},"skip":true},"12":{"name":"(anonymous_12)","line":315,"loc":{"start":{"line":315,"column":32},"end":{"line":315,"column":61}},"skip":true}},"statementMap":{"1":{"start":{"line":26,"column":0},"end":{"line":326,"column":5}},"2":{"start":{"line":28,"column":4},"end":{"line":28,"column":14}},"3":{"start":{"line":33,"column":4},"end":{"line":60,"column":9}},"4":{"start":{"line":35,"column":8},"end":{"line":35,"column":19}},"5":{"start":{"line":37,"column":8},"end":{"line":49,"column":13}},"6":{"start":{"line":38,"column":12},"end":{"line":48,"column":13}},"7":{"start":{"line":39,"column":16},"end":{"line":42,"column":30}},"8":{"start":{"line":44,"column":16},"end":{"line":47,"column":27}},"9":{"start":{"line":51,"column":8},"end":{"line":53,"column":21}},"10":{"start":{"line":55,"column":8},"end":{"line":57,"column":45}},"11":{"start":{"line":59,"column":8},"end":{"line":59,"column":35}},"12":{"start":{"line":61,"column":4},"end":{"line":325,"column":5}},"13":{"start":{"line":69,"column":8},"end":{"line":121,"column":10},"skip":true},"14":{"start":{"line":70,"column":12},"end":{"line":88,"column":13},"skip":true},"15":{"start":{"line":76,"column":16},"end":{"line":87,"column":19},"skip":true},"16":{"start":{"line":79,"column":20},"end":{"line":86,"column":21},"skip":true},"17":{"start":{"line":82,"column":24},"end":{"line":82,"column":43},"skip":true},"18":{"start":{"line":83,"column":24},"end":{"line":83,"column":30},"skip":true},"19":{"start":{"line":85,"column":24},"end":{"line":85,"column":49},"skip":true},"20":{"start":{"line":89,"column":12},"end":{"line":107,"column":13},"skip":true},"21":{"start":{"line":92,"column":16},"end":{"line":102,"column":17},"skip":true},"22":{"start":{"line":93,"column":20},"end":{"line":93,"column":86},"skip":true},"23":{"start":{"line":94,"column":20},"end":{"line":95,"column":45},"skip":true},"24":{"start":{"line":96,"column":20},"end":{"line":96,"column":42},"skip":true},"25":{"start":{"line":97,"column":20},"end":{"line":97,"column":48},"skip":true},"26":{"start":{"line":100,"column":20},"end":{"line":100,"column":85},"skip":true},"27":{"start":{"line":101,"column":20},"end":{"line":101,"column":96},"skip":true},"28":{"start":{"line":103,"column":16},"end":{"line":103,"column":22},"skip":true},"29":{"start":{"line":106,"column":16},"end":{"line":106,"column":22},"skip":true},"30":{"start":{"line":108,"column":12},"end":{"line":120,"column":13},"skip":true},"31":{"start":{"line":114,"column":16},"end":{"line":119,"column":17},"skip":true},"32":{"start":{"line":116,"column":20},"end":{"line":116,"column":78},"skip":true},"33":{"start":{"line":118,"column":20},"end":{"line":118,"column":47},"skip":true},"34":{"start":{"line":123,"column":8},"end":{"line":141,"column":11},"skip":true},"35":{"start":{"line":124,"column":12},"end":{"line":124,"column":54},"skip":true},"36":{"start":{"line":125,"column":12},"end":{"line":140,"column":14},"skip":true},"37":{"start":{"line":126,"column":16},"end":{"line":126,"column":28},"skip":true},"38":{"start":{"line":127,"column":16},"end":{"line":127,"column":69},"skip":true},"39":{"start":{"line":128,"column":16},"end":{"line":128,"column":75},"skip":true},"40":{"start":{"line":129,"column":16},"end":{"line":131,"column":17},"skip":true},"41":{"start":{"line":130,"column":20},"end":{"line":130,"column":27},"skip":true},"42":{"start":{"line":133,"column":16},"end":{"line":137,"column":36},"skip":true},"43":{"start":{"line":134,"column":20},"end":{"line":136,"column":55},"skip":true},"44":{"start":{"line":139,"column":16},"end":{"line":139,"column":57},"skip":true},"45":{"start":{"line":143,"column":8},"end":{"line":147,"column":11},"skip":true},"46":{"start":{"line":144,"column":12},"end":{"line":146,"column":15},"skip":true},"47":{"start":{"line":145,"column":16},"end":{"line":145,"column":70},"skip":true},"48":{"start":{"line":149,"column":8},"end":{"line":149,"column":31},"skip":true},"49":{"start":{"line":150,"column":8},"end":{"line":150,"column":14},"skip":true},"50":{"start":{"line":158,"column":8},"end":{"line":158,"column":31},"skip":true},"51":{"start":{"line":160,"column":8},"end":{"line":160,"column":33},"skip":true},"52":{"start":{"line":161,"column":8},"end":{"line":161,"column":37},"skip":true},"53":{"start":{"line":162,"column":8},"end":{"line":162,"column":35},"skip":true},"54":{"start":{"line":164,"column":8},"end":{"line":164,"column":50},"skip":true},"55":{"start":{"line":166,"column":8},"end":{"line":256,"column":2},"skip":true},"56":{"start":{"line":258,"column":8},"end":{"line":286,"column":9},"skip":true},"57":{"start":{"line":259,"column":12},"end":{"line":269,"column":14},"skip":true},"58":{"start":{"line":271,"column":12},"end":{"line":285,"column":19},"skip":true},"59":{"start":{"line":274,"column":20},"end":{"line":274,"column":35},"skip":true},"60":{"start":{"line":275,"column":20},"end":{"line":284,"column":21},"skip":true},"61":{"start":{"line":277,"column":24},"end":{"line":277,"column":64},"skip":true},"62":{"start":{"line":279,"column":24},"end":{"line":279,"column":40},"skip":true},"63":{"start":{"line":281,"column":24},"end":{"line":281,"column":40},"skip":true},"64":{"start":{"line":283,"column":24},"end":{"line":283,"column":39},"skip":true},"65":{"start":{"line":288,"column":8},"end":{"line":290,"column":9},"skip":true},"66":{"start":{"line":289,"column":12},"end":{"line":289,"column":18},"skip":true},"67":{"start":{"line":291,"column":8},"end":{"line":293,"column":54},"skip":true},"68":{"start":{"line":296,"column":8},"end":{"line":301,"column":37},"skip":true},"69":{"start":{"line":303,"column":8},"end":{"line":303,"column":82},"skip":true},"70":{"start":{"line":306,"column":8},"end":{"line":308,"column":9},"skip":true},"71":{"start":{"line":307,"column":12},"end":{"line":307,"column":82},"skip":true},"72":{"start":{"line":310,"column":8},"end":{"line":312,"column":9},"skip":true},"73":{"start":{"line":311,"column":12},"end":{"line":311,"column":18},"skip":true},"74":{"start":{"line":313,"column":8},"end":{"line":313,"column":54},"skip":true},"75":{"start":{"line":314,"column":8},"end":{"line":314,"column":69},"skip":true},"76":{"start":{"line":315,"column":8},"end":{"line":323,"column":36},"skip":true},"77":{"start":{"line":316,"column":12},"end":{"line":316,"column":61},"skip":true},"78":{"start":{"line":317,"column":12},"end":{"line":320,"column":13},"skip":true},"79":{"start":{"line":318,"column":16},"end":{"line":318,"column":75},"skip":true},"80":{"start":{"line":319,"column":16},"end":{"line":319,"column":23},"skip":true},"81":{"start":{"line":321,"column":12},"end":{"line":321,"column":38},"skip":true},"82":{"start":{"line":322,"column":12},"end":{"line":322,"column":27},"skip":true},"83":{"start":{"line":324,"column":8},"end":{"line":324,"column":14},"skip":true}},"branchMap":{"1":{"line":39,"type":"binary-expr","locations":[{"start":{"line":39,"column":23},"end":{"line":39,"column":62}},{"start":{"line":40,"column":20},"end":{"line":40,"column":70}},{"start":{"line":41,"column":20},"end":{"line":41,"column":71}},{"start":{"line":42,"column":20},"end":{"line":42,"column":29}}]},"2":{"line":44,"type":"binary-expr","locations":[{"start":{"line":44,"column":23},"end":{"line":44,"column":37}},{"start":{"line":45,"column":20},"end":{"line":45,"column":61}},{"start":{"line":46,"column":20},"end":{"line":46,"column":70}},{"start":{"line":47,"column":20},"end":{"line":47,"column":26}}]},"3":{"line":51,"type":"cond-expr","locations":[{"start":{"line":52,"column":14},"end":{"line":52,"column":20}},{"start":{"line":53,"column":14},"end":{"line":53,"column":20}}]},"4":{"line":55,"type":"binary-expr","locations":[{"start":{"line":55,"column":16},"end":{"line":55,"column":44}},{"start":{"line":55,"column":49},"end":{"line":57,"column":43}}]},"5":{"line":55,"type":"cond-expr","locations":[{"start":{"line":56,"column":14},"end":{"line":56,"column":54}},{"start":{"line":57,"column":14},"end":{"line":57,"column":43}}]},"6":{"line":61,"type":"switch","locations":[{"start":{"line":68,"column":4},"end":{"line":150,"column":14},"skip":true},{"start":{"line":156,"column":4},"end":{"line":324,"column":14},"skip":true}]},"7":{"line":70,"type":"if","locations":[{"start":{"line":70,"column":12},"end":{"line":70,"column":12},"skip":true},{"start":{"line":70,"column":12},"end":{"line":70,"column":12},"skip":true}]},"8":{"line":70,"type":"binary-expr","locations":[{"start":{"line":70,"column":16},"end":{"line":70,"column":22},"skip":true},{"start":{"line":70,"column":27},"end":{"line":70,"column":32},"skip":true},{"start":{"line":71,"column":20},"end":{"line":71,"column":39},"skip":true},{"start":{"line":72,"column":20},"end":{"line":72,"column":49},"skip":true},{"start":{"line":73,"column":20},"end":{"line":73,"column":58},"skip":true},{"start":{"line":74,"column":20},"end":{"line":74,"column":69},"skip":true}]},"9":{"line":79,"type":"switch","locations":[{"start":{"line":80,"column":20},"end":{"line":80,"column":33},"skip":true},{"start":{"line":81,"column":20},"end":{"line":83,"column":30},"skip":true},{"start":{"line":84,"column":20},"end":{"line":85,"column":49},"skip":true}]},"10":{"line":89,"type":"switch","locations":[{"start":{"line":90,"column":12},"end":{"line":103,"column":22},"skip":true},{"start":{"line":105,"column":12},"end":{"line":106,"column":22},"skip":true}]},"11":{"line":89,"type":"binary-expr","locations":[{"start":{"line":89,"column":20},"end":{"line":89,"column":25},"skip":true},{"start":{"line":89,"column":29},"end":{"line":89,"column":48},"skip":true},{"start":{"line":89,"column":52},"end":{"line":89,"column":74},"skip":true}]},"12":{"line":92,"type":"if","locations":[{"start":{"line":92,"column":16},"end":{"line":92,"column":16},"skip":true},{"start":{"line":92,"column":16},"end":{"line":92,"column":16},"skip":true}]},"13":{"line":108,"type":"if","locations":[{"start":{"line":108,"column":12},"end":{"line":108,"column":12},"skip":true},{"start":{"line":108,"column":12},"end":{"line":108,"column":12},"skip":true}]},"14":{"line":108,"type":"binary-expr","locations":[{"start":{"line":108,"column":16},"end":{"line":108,"column":61},"skip":true},{"start":{"line":108,"column":66},"end":{"line":108,"column":72},"skip":true},{"start":{"line":108,"column":77},"end":{"line":108,"column":82},"skip":true},{"start":{"line":109,"column":20},"end":{"line":109,"column":39},"skip":true},{"start":{"line":110,"column":20},"end":{"line":110,"column":49},"skip":true},{"start":{"line":111,"column":20},"end":{"line":111,"column":58},"skip":true},{"start":{"line":112,"column":20},"end":{"line":112,"column":68},"skip":true}]},"15":{"line":129,"type":"if","locations":[{"start":{"line":129,"column":16},"end":{"line":129,"column":16},"skip":true},{"start":{"line":129,"column":16},"end":{"line":129,"column":16},"skip":true}]},"16":{"line":134,"type":"cond-expr","locations":[{"start":{"line":135,"column":26},"end":{"line":135,"column":29},"skip":true},{"start":{"line":136,"column":26},"end":{"line":136,"column":54},"skip":true}]},"17":{"line":164,"type":"binary-expr","locations":[{"start":{"line":164,"column":27},"end":{"line":164,"column":43},"skip":true},{"start":{"line":164,"column":47},"end":{"line":164,"column":49},"skip":true}]},"18":{"line":258,"type":"if","locations":[{"start":{"line":258,"column":8},"end":{"line":258,"column":8},"skip":true},{"start":{"line":258,"column":8},"end":{"line":258,"column":8},"skip":true}]},"19":{"line":275,"type":"switch","locations":[{"start":{"line":276,"column":20},"end":{"line":277,"column":64},"skip":true},{"start":{"line":278,"column":20},"end":{"line":279,"column":40},"skip":true},{"start":{"line":280,"column":20},"end":{"line":281,"column":40},"skip":true},{"start":{"line":282,"column":20},"end":{"line":283,"column":39},"skip":true}]},"20":{"line":288,"type":"if","locations":[{"start":{"line":288,"column":8},"end":{"line":288,"column":8},"skip":true},{"start":{"line":288,"column":8},"end":{"line":288,"column":8},"skip":true}]},"21":{"line":288,"type":"binary-expr","locations":[{"start":{"line":288,"column":12},"end":{"line":288,"column":40},"skip":true},{"start":{"line":288,"column":44},"end":{"line":288,"column":67},"skip":true}]},"22":{"line":292,"type":"binary-expr","locations":[{"start":{"line":292,"column":12},"end":{"line":292,"column":50},"skip":true},{"start":{"line":293,"column":12},"end":{"line":293,"column":53},"skip":true}]},"23":{"line":297,"type":"binary-expr","locations":[{"start":{"line":297,"column":12},"end":{"line":297,"column":68},"skip":true},{"start":{"line":298,"column":12},"end":{"line":301,"column":36},"skip":true}]},"24":{"line":303,"type":"binary-expr","locations":[{"start":{"line":303,"column":43},"end":{"line":303,"column":75},"skip":true},{"start":{"line":303,"column":79},"end":{"line":303,"column":81},"skip":true}]},"25":{"line":306,"type":"if","locations":[{"start":{"line":306,"column":8},"end":{"line":306,"column":8},"skip":true},{"start":{"line":306,"column":8},"end":{"line":306,"column":8},"skip":true}]},"26":{"line":310,"type":"if","locations":[{"start":{"line":310,"column":8},"end":{"line":310,"column":8},"skip":true},{"start":{"line":310,"column":8},"end":{"line":310,"column":8},"skip":true}]},"27":{"line":313,"type":"binary-expr","locations":[{"start":{"line":313,"column":27},"end":{"line":313,"column":43},"skip":true},{"start":{"line":313,"column":47},"end":{"line":313,"column":53},"skip":true}]},"28":{"line":317,"type":"if","locations":[{"start":{"line":317,"column":12},"end":{"line":317,"column":12},"skip":true},{"start":{"line":317,"column":12},"end":{"line":317,"column":12},"skip":true}]}},"code":["/*","example.js","","quickstart example","","instruction","    1. save this script as example.js","    2. run the shell command:","        $ npm install npmtest-livereload && PORT=8081 node example.js","    3. play with the browser-demo on http://127.0.0.1:8081","*/","","","","/* istanbul instrument in package npmtest_livereload */","/*jslint","    bitwise: true,","    browser: true,","    maxerr: 8,","    maxlen: 96,","    node: true,","    nomen: true,","    regexp: true,","    stupid: true","*/","(function () {","    'use strict';","    var local;","","","","    // run shared js-env code - pre-init","    (function () {","        // init local","        local = {};","        // init modeJs","        local.modeJs = (function () {","            try {","                return typeof navigator.userAgent === 'string' &&","                    typeof document.querySelector('body') === 'object' &&","                    typeof XMLHttpRequest.prototype.open === 'function' &&","                    'browser';","            } catch (errorCaughtBrowser) {","                return module.exports &&","                    typeof process.versions.node === 'string' &&","                    typeof require('http').createServer === 'function' &&","                    'node';","            }","        }());","        // init global","        local.global = local.modeJs === 'browser'","            ? window","            : global;","        // init utility2_rollup","        local = local.global.utility2_rollup || (local.modeJs === 'browser'","            ? local.global.utility2_npmtest_livereload","            : global.utility2_moduleExports);","        // export local","        local.global.local = local;","    }());","    switch (local.modeJs) {","","","","    // post-init","    // run browser js-env code - post-init","    /* istanbul ignore next */","    case 'browser':","        local.testRunBrowser = function (event) {","            if (!event || (event &&","                    event.currentTarget &&","                    event.currentTarget.className &&","                    event.currentTarget.className.includes &&","                    event.currentTarget.className.includes('onreset'))) {","                // reset output","                Array.from(","                    document.querySelectorAll('body > .resettable')","                ).forEach(function (element) {","                    switch (element.tagName) {","                    case 'INPUT':","                    case 'TEXTAREA':","                        element.value = '';","                        break;","                    default:","                        element.textContent = '';","                    }","                });","            }","            switch (event && event.currentTarget && event.currentTarget.id) {","            case 'testRunButton1':","                // show tests","                if (document.querySelector('#testReportDiv1').style.display === 'none') {","                    document.querySelector('#testReportDiv1').style.display = 'block';","                    document.querySelector('#testRunButton1').textContent =","                        'hide internal test';","                    local.modeTest = true;","                    local.testRunDefault(local);","                // hide tests","                } else {","                    document.querySelector('#testReportDiv1').style.display = 'none';","                    document.querySelector('#testRunButton1').textContent = 'run internal test';","                }","                break;","            // custom-case","            default:","                break;","            }","            if (document.querySelector('#inputTextareaEval1') && (!event || (event &&","                    event.currentTarget &&","                    event.currentTarget.className &&","                    event.currentTarget.className.includes &&","                    event.currentTarget.className.includes('oneval')))) {","                // try to eval input-code","                try {","                    /*jslint evil: true*/","                    eval(document.querySelector('#inputTextareaEval1').value);","                } catch (errorCaught) {","                    console.error(errorCaught);","                }","            }","        };","        // log stderr and stdout to #outputTextareaStdout1","        ['error', 'log'].forEach(function (key) {","            console[key + '_original'] = console[key];","            console[key] = function () {","                var element;","                console[key + '_original'].apply(console, arguments);","                element = document.querySelector('#outputTextareaStdout1');","                if (!element) {","                    return;","                }","                // append text to #outputTextareaStdout1","                element.value += Array.from(arguments).map(function (arg) {","                    return typeof arg === 'string'","                        ? arg","                        : JSON.stringify(arg, null, 4);","                }).join(' ') + '\\n';","                // scroll textarea to bottom","                element.scrollTop = element.scrollHeight;","            };","        });","        // init event-handling","        ['change', 'click', 'keyup'].forEach(function (event) {","            Array.from(document.querySelectorAll('.on' + event)).forEach(function (element) {","                element.addEventListener(event, local.testRunBrowser);","            });","        });","        // run tests","        local.testRunBrowser();","        break;","","","","    // run node js-env code - post-init","    /* istanbul ignore next */","    case 'node':","        // export local","        module.exports = local;","        // require modules","        local.fs = require('fs');","        local.http = require('http');","        local.url = require('url');","        // init assets","        local.assetsDict = local.assetsDict || {};","        /* jslint-ignore-begin */","        local.assetsDict['/assets.index.template.html'] = '\\","<!doctype html>\\n\\","<html lang=\"en\">\\n\\","<head>\\n\\","<meta charset=\"UTF-8\">\\n\\","<meta name=\"viewport\" content=\"width=device-width, initial-scale=1\">\\n\\","<title>{{env.npm_package_name}} (v{{env.npm_package_version}})</title>\\n\\","<style>\\n\\","/*csslint\\n\\","    box-sizing: false,\\n\\","    universal-selector: false\\n\\","*/\\n\\","* {\\n\\","    box-sizing: border-box;\\n\\","}\\n\\","body {\\n\\","    background: #dde;\\n\\","    font-family: Arial, Helvetica, sans-serif;\\n\\","    margin: 2rem;\\n\\","}\\n\\","body > * {\\n\\","    margin-bottom: 1rem;\\n\\","}\\n\\",".utility2FooterDiv {\\n\\","    margin-top: 20px;\\n\\","    text-align: center;\\n\\","}\\n\\","</style>\\n\\","<style>\\n\\","/*csslint\\n\\","*/\\n\\","textarea {\\n\\","    font-family: monospace;\\n\\","    height: 10rem;\\n\\","    width: 100%;\\n\\","}\\n\\","textarea[readonly] {\\n\\","    background: #ddd;\\n\\","}\\n\\","</style>\\n\\","</head>\\n\\","<body>\\n\\","<!-- utility2-comment\\n\\","<div id=\"ajaxProgressDiv1\" style=\"background: #d00; height: 2px; left: 0; margin: 0; padding: 0; position: fixed; top: 0; transition: background 0.5s, width 1.5s; width: 25%;\"></div>\\n\\","utility2-comment -->\\n\\","<h1>\\n\\","<!-- utility2-comment\\n\\","    <a\\n\\","        {{#if env.npm_package_homepage}}\\n\\","        href=\"{{env.npm_package_homepage}}\"\\n\\","        {{/if env.npm_package_homepage}}\\n\\","        target=\"_blank\"\\n\\","    >\\n\\","utility2-comment -->\\n\\","        {{env.npm_package_name}} (v{{env.npm_package_version}})\\n\\","<!-- utility2-comment\\n\\","    </a>\\n\\","utility2-comment -->\\n\\","</h1>\\n\\","<h3>{{env.npm_package_description}}</h3>\\n\\","<!-- utility2-comment\\n\\","<h4><a download href=\"assets.app.js\">download standalone app</a></h4>\\n\\","<button class=\"onclick onreset\" id=\"testRunButton1\">run internal test</button><br>\\n\\","<div id=\"testReportDiv1\" style=\"display: none;\"></div>\\n\\","utility2-comment -->\\n\\","\\n\\","\\n\\","\\n\\","<label>stderr and stdout</label>\\n\\","<textarea class=\"resettable\" id=\"outputTextareaStdout1\" readonly></textarea>\\n\\","<!-- utility2-comment\\n\\","{{#if isRollup}}\\n\\","<script src=\"assets.app.js\"></script>\\n\\","{{#unless isRollup}}\\n\\","utility2-comment -->\\n\\","<script src=\"assets.utility2.rollup.js\"></script>\\n\\","<script src=\"jsonp.utility2._stateInit?callback=window.utility2._stateInit\"></script>\\n\\","<script src=\"assets.npmtest_livereload.rollup.js\"></script>\\n\\","<script src=\"assets.example.js\"></script>\\n\\","<script src=\"assets.test.js\"></script>\\n\\","<!-- utility2-comment\\n\\","{{/if isRollup}}\\n\\","utility2-comment -->\\n\\","<div class=\"utility2FooterDiv\">\\n\\","    [ this app was created with\\n\\","    <a href=\"https://github.com/kaizhu256/node-utility2\" target=\"_blank\">utility2</a>\\n\\","    ]\\n\\","</div>\\n\\","</body>\\n\\","</html>\\n\\","';","        /* jslint-ignore-end */","        if (local.templateRender) {","            local.assetsDict['/'] = local.templateRender(","                local.assetsDict['/assets.index.template.html'],","                {","                    env: local.objectSetDefault(local.env, {","                        npm_package_description: 'the greatest app in the world!',","                        npm_package_name: 'my-app',","                        npm_package_nameAlias: 'my_app',","                        npm_package_version: '0.0.1'","                    })","                }","            );","        } else {","            local.assetsDict['/'] = local.assetsDict['/assets.index.template.html']","                .replace((/\\{\\{env\\.(\\w+?)\\}\\}/g), function (match0, match1) {","                    // jslint-hack","                    String(match0);","                    switch (match1) {","                    case 'npm_package_description':","                        return 'the greatest app in the world!';","                    case 'npm_package_name':","                        return 'my-app';","                    case 'npm_package_nameAlias':","                        return 'my_app';","                    case 'npm_package_version':","                        return '0.0.1';","                    }","                });","        }","        // run the cli","        if (local.global.utility2_rollup || module !== require.main) {","            break;","        }","        local.assetsDict['/assets.example.js'] =","            local.assetsDict['/assets.example.js'] ||","            local.fs.readFileSync(__filename, 'utf8');","        // bug-workaround - long $npm_package_buildCustomOrg","        /* jslint-ignore-begin */","        local.assetsDict['/assets.npmtest_livereload.rollup.js'] =","            local.assetsDict['/assets.npmtest_livereload.rollup.js'] ||","            local.fs.readFileSync(","                local.npmtest_livereload.__dirname + '/lib.npmtest_livereload.js',","                'utf8'","            ).replace((/^#!/), '//');","        /* jslint-ignore-end */","        local.assetsDict['/favicon.ico'] = local.assetsDict['/favicon.ico'] || '';","        // if $npm_config_timeout_exit exists,","        // then exit this process after $npm_config_timeout_exit ms","        if (Number(process.env.npm_config_timeout_exit)) {","            setTimeout(process.exit, Number(process.env.npm_config_timeout_exit));","        }","        // start server","        if (local.global.utility2_serverHttp1) {","            break;","        }","        process.env.PORT = process.env.PORT || '8081';","        console.error('server starting on port ' + process.env.PORT);","        local.http.createServer(function (request, response) {","            request.urlParsed = local.url.parse(request.url);","            if (local.assetsDict[request.urlParsed.pathname] !== undefined) {","                response.end(local.assetsDict[request.urlParsed.pathname]);","                return;","            }","            response.statusCode = 404;","            response.end();","        }).listen(process.env.PORT);","        break;","    }","}());",""],"l":{"26":2,"28":2,"33":2,"35":2,"37":2,"38":2,"39":2,"44":1,"51":2,"55":2,"59":2,"61":2,"69":1,"70":2,"76":2,"79":2,"82":2,"83":2,"85":1,"89":2,"92":1,"93":1,"94":1,"96":1,"97":1,"100":1,"101":1,"103":1,"106":1,"108":2,"114":1,"116":1,"118":1,"123":1,"124":2,"125":2,"126":3,"127":3,"128":3,"129":3,"130":1,"133":3,"134":3,"139":3,"143":1,"144":3,"145":1,"149":1,"150":1,"158":1,"160":1,"161":1,"162":1,"164":1,"166":1,"258":1,"259":1,"271":1,"274":6,"275":6,"277":1,"279":2,"281":1,"283":2,"288":1,"289":1,"291":1,"296":1,"303":1,"306":1,"307":1,"310":1,"311":1,"313":1,"314":1,"315":1,"316":1,"317":1,"318":1,"319":1,"321":1,"322":1,"324":1}},"/home/travis/build/npmtest/node-npmtest-livereload/node_modules/livereload/lib/livereload.js":{"path":"/home/travis/build/npmtest/node-npmtest-livereload/node_modules/livereload/lib/livereload.js","s":{"1":1,"2":1,"3":1,"4":1,"5":1,"6":1,"7":1,"8":1,"9":1,"10":1,"11":1,"12":1,"13":1,"14":1,"15":1,"16":0,"17":0,"18":0,"19":0,"20":0,"21":0,"22":0,"23":0,"24":0,"25":0,"26":0,"27":0,"28":0,"29":0,"30":0,"31":0,"32":0,"33":0,"34":0,"35":0,"36":0,"37":0,"38":1,"39":0,"40":0,"41":0,"42":0,"43":0,"44":0,"45":0,"46":0,"47":0,"48":0,"49":1,"50":0,"51":0,"52":0,"53":0,"54":0,"55":0,"56":0,"57":0,"58":0,"59":0,"60":0,"61":0,"62":0,"63":0,"64":0,"65":0,"66":0,"67":1,"68":0,"69":1,"70":0,"71":0,"72":1,"73":0,"74":0,"75":0,"76":0,"77":0,"78":0,"79":0,"80":0,"81":0,"82":0,"83":1,"84":0,"85":0,"86":0,"87":0,"88":1,"89":0,"90":0,"91":0,"92":0,"93":1,"94":0,"95":0,"96":0,"97":0,"98":0,"99":0,"100":0,"101":0,"102":0,"103":0,"104":1,"105":0,"106":0,"107":1,"108":0,"109":0,"110":0,"111":1,"112":1,"113":0,"114":0,"115":0,"116":0,"117":0,"118":0,"119":0,"120":0,"121":0,"122":0,"123":0,"124":0,"125":0,"126":0,"127":0,"128":0},"b":{"1":[0,0],"2":[0,0],"3":[0,0],"4":[0,0],"5":[0,0],"6":[0,0],"7":[0,0],"8":[0,0],"9":[0,0],"10":[0,0],"11":[0,0],"12":[0,0],"13":[0,0],"14":[0,0],"15":[0,0],"16":[0,0],"17":[0,0],"18":[0,0],"19":[0,0],"20":[0,0],"21":[0,0]},"f":{"1":1,"2":1,"3":0,"4":0,"5":0,"6":0,"7":0,"8":0,"9":0,"10":0,"11":0,"12":0,"13":0,"14":0,"15":0,"16":0,"17":0,"18":0,"19":0,"20":0,"21":0,"22":0,"23":0,"24":0,"25":0},"fnMap":{"1":{"name":"(anonymous_1)","line":2,"loc":{"start":{"line":2,"column":1},"end":{"line":2,"column":12}}},"2":{"name":"(anonymous_2)","line":27,"loc":{"start":{"line":27,"column":12},"end":{"line":27,"column":23}}},"3":{"name":"Server","line":28,"loc":{"start":{"line":28,"column":4},"end":{"line":28,"column":29}}},"4":{"name":"(anonymous_4)","line":62,"loc":{"start":{"line":62,"column":30},"end":{"line":62,"column":49}}},"5":{"name":"(anonymous_5)","line":82,"loc":{"start":{"line":82,"column":36},"end":{"line":82,"column":53}}},"6":{"name":"(anonymous_6)","line":84,"loc":{"start":{"line":84,"column":28},"end":{"line":84,"column":44}}},"7":{"name":"(anonymous_7)","line":85,"loc":{"start":{"line":85,"column":15},"end":{"line":85,"column":33}}},"8":{"name":"(anonymous_8)","line":101,"loc":{"start":{"line":101,"column":26},"end":{"line":101,"column":42}}},"9":{"name":"(anonymous_9)","line":102,"loc":{"start":{"line":102,"column":15},"end":{"line":102,"column":29}}},"10":{"name":"(anonymous_10)","line":106,"loc":{"start":{"line":106,"column":33},"end":{"line":106,"column":49}}},"11":{"name":"(anonymous_11)","line":107,"loc":{"start":{"line":107,"column":15},"end":{"line":107,"column":33}}},"12":{"name":"(anonymous_12)","line":113,"loc":{"start":{"line":113,"column":31},"end":{"line":113,"column":48}}},"13":{"name":"(anonymous_13)","line":117,"loc":{"start":{"line":117,"column":29},"end":{"line":117,"column":45}}},"14":{"name":"(anonymous_14)","line":126,"loc":{"start":{"line":126,"column":37},"end":{"line":126,"column":56}}},"15":{"name":"(anonymous_15)","line":132,"loc":{"start":{"line":132,"column":46},"end":{"line":132,"column":62}}},"16":{"name":"(anonymous_16)","line":133,"loc":{"start":{"line":133,"column":19},"end":{"line":133,"column":30}}},"17":{"name":"(anonymous_17)","line":144,"loc":{"start":{"line":144,"column":31},"end":{"line":144,"column":50}}},"18":{"name":"(anonymous_18)","line":158,"loc":{"start":{"line":158,"column":29},"end":{"line":158,"column":47}}},"19":{"name":"(anonymous_19)","line":168,"loc":{"start":{"line":168,"column":38},"end":{"line":168,"column":53}}},"20":{"name":"(anonymous_20)","line":174,"loc":{"start":{"line":174,"column":40},"end":{"line":174,"column":56}}},"21":{"name":"(anonymous_21)","line":175,"loc":{"start":{"line":175,"column":17},"end":{"line":175,"column":33}}},"22":{"name":"(anonymous_22)","line":185,"loc":{"start":{"line":185,"column":29},"end":{"line":185,"column":43}}},"23":{"name":"(anonymous_23)","line":191,"loc":{"start":{"line":191,"column":29},"end":{"line":191,"column":40}}},"24":{"name":"(anonymous_24)","line":201,"loc":{"start":{"line":201,"column":25},"end":{"line":201,"column":52}}},"25":{"name":"(anonymous_25)","line":206,"loc":{"start":{"line":206,"column":21},"end":{"line":206,"column":40}}}},"statementMap":{"1":{"start":{"line":2,"column":0},"end":{"line":229,"column":14}},"2":{"start":{"line":3,"column":2},"end":{"line":3,"column":118}},"3":{"start":{"line":5,"column":2},"end":{"line":5,"column":21}},"4":{"start":{"line":7,"column":2},"end":{"line":7,"column":25}},"5":{"start":{"line":9,"column":2},"end":{"line":9,"column":21}},"6":{"start":{"line":11,"column":2},"end":{"line":11,"column":25}},"7":{"start":{"line":13,"column":2},"end":{"line":13,"column":27}},"8":{"start":{"line":15,"column":2},"end":{"line":15,"column":23}},"9":{"start":{"line":17,"column":2},"end":{"line":17,"column":33}},"10":{"start":{"line":19,"column":2},"end":{"line":19,"column":25}},"11":{"start":{"line":21,"column":2},"end":{"line":21,"column":22}},"12":{"start":{"line":23,"column":2},"end":{"line":23,"column":103}},"13":{"start":{"line":25,"column":2},"end":{"line":25,"column":55}},"14":{"start":{"line":27,"column":2},"end":{"line":199,"column":7}},"15":{"start":{"line":28,"column":4},"end":{"line":60,"column":5}},"16":{"start":{"line":29,"column":6},"end":{"line":29,"column":64}},"17":{"start":{"line":30,"column":6},"end":{"line":30,"column":28}},"18":{"start":{"line":31,"column":6},"end":{"line":33,"column":7}},"19":{"start":{"line":32,"column":8},"end":{"line":32,"column":25}},"20":{"start":{"line":34,"column":6},"end":{"line":36,"column":7}},"21":{"start":{"line":35,"column":8},"end":{"line":35,"column":40}},"22":{"start":{"line":37,"column":6},"end":{"line":39,"column":7}},"23":{"start":{"line":38,"column":8},"end":{"line":38,"column":33}},"24":{"start":{"line":40,"column":6},"end":{"line":42,"column":7}},"25":{"start":{"line":41,"column":8},"end":{"line":41,"column":24}},"26":{"start":{"line":43,"column":6},"end":{"line":45,"column":7}},"27":{"start":{"line":44,"column":8},"end":{"line":44,"column":30}},"28":{"start":{"line":46,"column":6},"end":{"line":46,"column":62}},"29":{"start":{"line":47,"column":6},"end":{"line":47,"column":80}},"30":{"start":{"line":48,"column":6},"end":{"line":50,"column":7}},"31":{"start":{"line":49,"column":8},"end":{"line":49,"column":34}},"32":{"start":{"line":51,"column":6},"end":{"line":53,"column":7}},"33":{"start":{"line":52,"column":8},"end":{"line":52,"column":32}},"34":{"start":{"line":54,"column":6},"end":{"line":56,"column":7}},"35":{"start":{"line":55,"column":8},"end":{"line":55,"column":31}},"36":{"start":{"line":57,"column":6},"end":{"line":59,"column":7}},"37":{"start":{"line":58,"column":8},"end":{"line":58,"column":33}},"38":{"start":{"line":62,"column":4},"end":{"line":80,"column":6}},"39":{"start":{"line":63,"column":6},"end":{"line":63,"column":66}},"40":{"start":{"line":64,"column":6},"end":{"line":64,"column":191}},"41":{"start":{"line":65,"column":6},"end":{"line":74,"column":7}},"42":{"start":{"line":66,"column":8},"end":{"line":66,"column":52}},"43":{"start":{"line":67,"column":8},"end":{"line":69,"column":11}},"44":{"start":{"line":71,"column":8},"end":{"line":73,"column":11}},"45":{"start":{"line":75,"column":6},"end":{"line":75,"column":65}},"46":{"start":{"line":76,"column":6},"end":{"line":76,"column":55}},"47":{"start":{"line":77,"column":6},"end":{"line":79,"column":7}},"48":{"start":{"line":78,"column":8},"end":{"line":78,"column":55}},"49":{"start":{"line":82,"column":4},"end":{"line":111,"column":6}},"50":{"start":{"line":83,"column":6},"end":{"line":83,"column":39}},"51":{"start":{"line":84,"column":6},"end":{"line":100,"column":16}},"52":{"start":{"line":85,"column":8},"end":{"line":99,"column":10}},"53":{"start":{"line":86,"column":10},"end":{"line":86,"column":28}},"54":{"start":{"line":87,"column":10},"end":{"line":87,"column":52}},"55":{"start":{"line":88,"column":10},"end":{"line":88,"column":40}},"56":{"start":{"line":89,"column":10},"end":{"line":98,"column":11}},"57":{"start":{"line":90,"column":12},"end":{"line":90,"column":57}},"58":{"start":{"line":91,"column":12},"end":{"line":91,"column":98}},"59":{"start":{"line":92,"column":12},"end":{"line":96,"column":15}},"60":{"start":{"line":97,"column":12},"end":{"line":97,"column":37}},"61":{"start":{"line":101,"column":6},"end":{"line":105,"column":16}},"62":{"start":{"line":102,"column":8},"end":{"line":104,"column":10}},"63":{"start":{"line":103,"column":10},"end":{"line":103,"column":63}},"64":{"start":{"line":106,"column":6},"end":{"line":110,"column":16}},"65":{"start":{"line":107,"column":8},"end":{"line":109,"column":10}},"66":{"start":{"line":108,"column":10},"end":{"line":108,"column":57}},"67":{"start":{"line":113,"column":4},"end":{"line":115,"column":6}},"68":{"start":{"line":114,"column":6},"end":{"line":114,"column":42}},"69":{"start":{"line":117,"column":4},"end":{"line":124,"column":6}},"70":{"start":{"line":118,"column":6},"end":{"line":118,"column":46}},"71":{"start":{"line":119,"column":6},"end":{"line":123,"column":138}},"72":{"start":{"line":126,"column":4},"end":{"line":142,"column":6}},"73":{"start":{"line":127,"column":6},"end":{"line":127,"column":40}},"74":{"start":{"line":128,"column":6},"end":{"line":128,"column":30}},"75":{"start":{"line":129,"column":6},"end":{"line":129,"column":52}},"76":{"start":{"line":130,"column":6},"end":{"line":141,"column":7}},"77":{"start":{"line":131,"column":8},"end":{"line":140,"column":9}},"78":{"start":{"line":132,"column":10},"end":{"line":137,"column":39}},"79":{"start":{"line":133,"column":12},"end":{"line":136,"column":14}},"80":{"start":{"line":134,"column":14},"end":{"line":134,"column":43}},"81":{"start":{"line":135,"column":14},"end":{"line":135,"column":45}},"82":{"start":{"line":139,"column":10},"end":{"line":139,"column":40}},"83":{"start":{"line":144,"column":4},"end":{"line":156,"column":6}},"84":{"start":{"line":145,"column":6},"end":{"line":145,"column":15}},"85":{"start":{"line":146,"column":6},"end":{"line":146,"column":43}},"86":{"start":{"line":147,"column":6},"end":{"line":154,"column":9}},"87":{"start":{"line":155,"column":6},"end":{"line":155,"column":39}},"88":{"start":{"line":158,"column":4},"end":{"line":166,"column":6}},"89":{"start":{"line":159,"column":6},"end":{"line":159,"column":15}},"90":{"start":{"line":160,"column":6},"end":{"line":160,"column":38}},"91":{"start":{"line":161,"column":6},"end":{"line":164,"column":9}},"92":{"start":{"line":165,"column":6},"end":{"line":165,"column":39}},"93":{"start":{"line":168,"column":4},"end":{"line":183,"column":6}},"94":{"start":{"line":169,"column":6},"end":{"line":169,"column":39}},"95":{"start":{"line":170,"column":6},"end":{"line":170,"column":32}},"96":{"start":{"line":171,"column":6},"end":{"line":171,"column":19}},"97":{"start":{"line":172,"column":6},"end":{"line":181,"column":7}},"98":{"start":{"line":173,"column":8},"end":{"line":173,"column":24}},"99":{"start":{"line":174,"column":8},"end":{"line":180,"column":19}},"100":{"start":{"line":175,"column":10},"end":{"line":179,"column":12}},"101":{"start":{"line":176,"column":12},"end":{"line":178,"column":13}},"102":{"start":{"line":177,"column":14},"end":{"line":177,"column":40}},"103":{"start":{"line":182,"column":6},"end":{"line":182,"column":21}},"104":{"start":{"line":185,"column":4},"end":{"line":189,"column":6}},"105":{"start":{"line":186,"column":6},"end":{"line":188,"column":7}},"106":{"start":{"line":187,"column":8},"end":{"line":187,"column":39}},"107":{"start":{"line":191,"column":4},"end":{"line":195,"column":6}},"108":{"start":{"line":192,"column":6},"end":{"line":192,"column":27}},"109":{"start":{"line":193,"column":6},"end":{"line":193,"column":34}},"110":{"start":{"line":194,"column":6},"end":{"line":194,"column":33}},"111":{"start":{"line":197,"column":4},"end":{"line":197,"column":18}},"112":{"start":{"line":201,"column":2},"end":{"line":227,"column":4}},"113":{"start":{"line":202,"column":4},"end":{"line":202,"column":36}},"114":{"start":{"line":203,"column":4},"end":{"line":205,"column":5}},"115":{"start":{"line":204,"column":6},"end":{"line":204,"column":18}},"116":{"start":{"line":206,"column":4},"end":{"line":213,"column":6}},"117":{"start":{"line":207,"column":6},"end":{"line":212,"column":7}},"118":{"start":{"line":208,"column":8},"end":{"line":210,"column":11}},"119":{"start":{"line":211,"column":8},"end":{"line":211,"column":77}},"120":{"start":{"line":214,"column":4},"end":{"line":218,"column":5}},"121":{"start":{"line":215,"column":6},"end":{"line":215,"column":46}},"122":{"start":{"line":217,"column":6},"end":{"line":217,"column":61}},"123":{"start":{"line":219,"column":4},"end":{"line":221,"column":5}},"124":{"start":{"line":220,"column":6},"end":{"line":220,"column":26}},"125":{"start":{"line":222,"column":4},"end":{"line":222,"column":32}},"126":{"start":{"line":223,"column":4},"end":{"line":225,"column":5}},"127":{"start":{"line":224,"column":6},"end":{"line":224,"column":30}},"128":{"start":{"line":226,"column":4},"end":{"line":226,"column":18}}},"branchMap":{"1":{"line":31,"type":"if","locations":[{"start":{"line":31,"column":6},"end":{"line":31,"column":6}},{"start":{"line":31,"column":6},"end":{"line":31,"column":6}}]},"2":{"line":34,"type":"if","locations":[{"start":{"line":34,"column":6},"end":{"line":34,"column":6}},{"start":{"line":34,"column":6},"end":{"line":34,"column":6}}]},"3":{"line":37,"type":"if","locations":[{"start":{"line":37,"column":6},"end":{"line":37,"column":6}},{"start":{"line":37,"column":6},"end":{"line":37,"column":6}}]},"4":{"line":40,"type":"if","locations":[{"start":{"line":40,"column":6},"end":{"line":40,"column":6}},{"start":{"line":40,"column":6},"end":{"line":40,"column":6}}]},"5":{"line":43,"type":"if","locations":[{"start":{"line":43,"column":6},"end":{"line":43,"column":6}},{"start":{"line":43,"column":6},"end":{"line":43,"column":6}}]},"6":{"line":48,"type":"if","locations":[{"start":{"line":48,"column":6},"end":{"line":48,"column":6}},{"start":{"line":48,"column":6},"end":{"line":48,"column":6}}]},"7":{"line":51,"type":"if","locations":[{"start":{"line":51,"column":6},"end":{"line":51,"column":6}},{"start":{"line":51,"column":6},"end":{"line":51,"column":6}}]},"8":{"line":54,"type":"if","locations":[{"start":{"line":54,"column":6},"end":{"line":54,"column":6}},{"start":{"line":54,"column":6},"end":{"line":54,"column":6}}]},"9":{"line":57,"type":"if","locations":[{"start":{"line":57,"column":6},"end":{"line":57,"column":6}},{"start":{"line":57,"column":6},"end":{"line":57,"column":6}}]},"10":{"line":65,"type":"if","locations":[{"start":{"line":65,"column":6},"end":{"line":65,"column":6}},{"start":{"line":65,"column":6},"end":{"line":65,"column":6}}]},"11":{"line":77,"type":"if","locations":[{"start":{"line":77,"column":6},"end":{"line":77,"column":6}},{"start":{"line":77,"column":6},"end":{"line":77,"column":6}}]},"12":{"line":89,"type":"if","locations":[{"start":{"line":89,"column":10},"end":{"line":89,"column":10}},{"start":{"line":89,"column":10},"end":{"line":89,"column":10}}]},"13":{"line":130,"type":"if","locations":[{"start":{"line":130,"column":6},"end":{"line":130,"column":6}},{"start":{"line":130,"column":6},"end":{"line":130,"column":6}}]},"14":{"line":131,"type":"if","locations":[{"start":{"line":131,"column":8},"end":{"line":131,"column":8}},{"start":{"line":131,"column":8},"end":{"line":131,"column":8}}]},"15":{"line":176,"type":"if","locations":[{"start":{"line":176,"column":12},"end":{"line":176,"column":12}},{"start":{"line":176,"column":12},"end":{"line":176,"column":12}}]},"16":{"line":186,"type":"if","locations":[{"start":{"line":186,"column":6},"end":{"line":186,"column":6}},{"start":{"line":186,"column":6},"end":{"line":186,"column":6}}]},"17":{"line":203,"type":"if","locations":[{"start":{"line":203,"column":4},"end":{"line":203,"column":4}},{"start":{"line":203,"column":4},"end":{"line":203,"column":4}}]},"18":{"line":207,"type":"if","locations":[{"start":{"line":207,"column":6},"end":{"line":207,"column":6}},{"start":{"line":207,"column":6},"end":{"line":207,"column":6}}]},"19":{"line":214,"type":"if","locations":[{"start":{"line":214,"column":4},"end":{"line":214,"column":4}},{"start":{"line":214,"column":4},"end":{"line":214,"column":4}}]},"20":{"line":219,"type":"if","locations":[{"start":{"line":219,"column":4},"end":{"line":219,"column":4}},{"start":{"line":219,"column":4},"end":{"line":219,"column":4}}]},"21":{"line":223,"type":"if","locations":[{"start":{"line":223,"column":4},"end":{"line":223,"column":4}},{"start":{"line":223,"column":4},"end":{"line":223,"column":4}}]}},"code":["// Generated by CoffeeScript 1.12.4","(function() {","  var Server, chokidar, defaultExclusions, defaultExts, defaultPort, fs, http, https, path, protocol_version, url, ws;","","  fs = require('fs');","","  path = require('path');","","  ws = require('ws');","","  http = require('http');","","  https = require('https');","","  url = require('url');","","  chokidar = require('chokidar');","","  protocol_version = '7';","","  defaultPort = 35729;","","  defaultExts = ['html', 'css', 'js', 'png', 'gif', 'jpg', 'php', 'php5', 'py', 'rb', 'erb', 'coffee'];","","  defaultExclusions = [/\\.git\\//, /\\.svn\\//, /\\.hg\\//];","","  Server = (function() {","    function Server(config1) {","      var base, base1, base2, base3, base4, base5, base6, base7;","      this.config = config1;","      if (this.config == null) {","        this.config = {};","      }","      if ((base = this.config).version == null) {","        base.version = protocol_version;","      }","      if ((base1 = this.config).port == null) {","        base1.port = defaultPort;","      }","      if ((base2 = this.config).exts == null) {","        base2.exts = [];","      }","      if ((base3 = this.config).exclusions == null) {","        base3.exclusions = [];","      }","      this.config.exts = this.config.exts.concat(defaultExts);","      this.config.exclusions = this.config.exclusions.concat(defaultExclusions);","      if ((base4 = this.config).applyCSSLive == null) {","        base4.applyCSSLive = true;","      }","      if ((base5 = this.config).originalPath == null) {","        base5.originalPath = '';","      }","      if ((base6 = this.config).overrideURL == null) {","        base6.overrideURL = '';","      }","      if ((base7 = this.config).usePolling == null) {","        base7.usePolling = false;","      }","    }","","    Server.prototype.listen = function(callback) {","      this.debug(\"LiveReload is waiting for browser to connect.\");","      this.debug(\"Protocol version: \" + this.config.version + \"\\nExclusions: \" + this.config.exclusions + \"\\nExtensions: \" + this.config.exts + \"\\nPolling: \" + this.config.usePolling + \"\\n\");","      if (this.config.server) {","        this.config.server.listen(this.config.port);","        this.server = new ws.Server({","          server: this.config.server","        });","      } else {","        this.server = new ws.Server({","          port: this.config.port","        });","      }","      this.server.on('connection', this.onConnection.bind(this));","      this.server.on('close', this.onClose.bind(this));","      if (callback) {","        return this.server.once('listening', callback);","      }","    };","","    Server.prototype.onConnection = function(socket) {","      this.debug(\"Browser connected.\");","      socket.on('message', (function(_this) {","        return function(message) {","          var data, request;","          _this.debug(\"Client message: \" + message);","          request = JSON.parse(message);","          if (request.command === \"hello\") {","            _this.debug(\"Client requested handshake...\");","            _this.debug(\"Handshaking with client using protocol \" + _this.config.version + \"...\");","            data = JSON.stringify({","              command: 'hello',","              protocols: ['http://livereload.com/protocols/official-7', 'http://livereload.com/protocols/official-8', 'http://livereload.com/protocols/official-9', 'http://livereload.com/protocols/2.x-origin-version-negotiation', 'http://livereload.com/protocols/2.x-remote-control'],","              serverName: 'node-livereload'","            });","            return socket.send(data);","          }","        };","      })(this));","      socket.on('error', (function(_this) {","        return function(err) {","          return _this.debug(\"Error in client socket: \" + err);","        };","      })(this));","      return socket.on('close', (function(_this) {","        return function(message) {","          return _this.debug(\"Client closed connection\");","        };","      })(this));","    };","","    Server.prototype.onClose = function(socket) {","      return this.debug(\"Socket closed.\");","    };","","    Server.prototype.watch = function(paths) {","      this.debug(\"Watching \" + paths + \"...\");","      return this.watcher = chokidar.watch(paths, {","        ignoreInitial: true,","        ignored: this.config.exclusions,","        usePolling: this.config.usePolling","      }).on('add', this.filterRefresh.bind(this)).on('change', this.filterRefresh.bind(this)).on('unlink', this.filterRefresh.bind(this));","    };","","    Server.prototype.filterRefresh = function(filepath) {","      var delayedRefresh, exts, fileext;","      exts = this.config.exts;","      fileext = path.extname(filepath).substring(1);","      if (exts.indexOf(fileext) !== -1) {","        if (this.config.delay) {","          return delayedRefresh = setTimeout((function(_this) {","            return function() {","              clearTimeout(delayedRefresh);","              return _this.refresh(filepath);","            };","          })(this), this.config.delay);","        } else {","          return this.refresh(filepath);","        }","      }","    };","","    Server.prototype.refresh = function(filepath) {","      var data;","      this.debug(\"Reloading: \" + filepath);","      data = JSON.stringify({","        command: 'reload',","        path: filepath,","        liveCSS: this.config.applyCSSLive,","        liveImg: this.config.applyImgLive,","        originalPath: this.config.originalPath,","        overrideURL: this.config.overrideURL","      });","      return this.sendAllClients(data);","    };","","    Server.prototype.alert = function(message) {","      var data;","      this.debug(\"Alert: \" + message);","      data = JSON.stringify({","        command: 'alert',","        message: message","      });","      return this.sendAllClients(data);","    };","","    Server.prototype.sendAllClients = function(data) {","      var i, len, ref, results, socket;","      ref = this.server.clients;","      results = [];","      for (i = 0, len = ref.length; i < len; i++) {","        socket = ref[i];","        results.push(socket.send(data, (function(_this) {","          return function(error) {","            if (error) {","              return _this.debug(error);","            }","          };","        })(this)));","      }","      return results;","    };","","    Server.prototype.debug = function(str) {","      if (this.config.debug) {","        return console.log(str + \"\\n\");","      }","    };","","    Server.prototype.close = function() {","      this.watcher.close();","      this.server._server.close();","      return this.server.close();","    };","","    return Server;","","  })();","","  exports.createServer = function(config, callback) {","    var app, requestHandler, server;","    if (config == null) {","      config = {};","    }","    requestHandler = function(req, res) {","      if (url.parse(req.url).pathname === '/livereload.js') {","        res.writeHead(200, {","          'Content-Type': 'text/javascript'","        });","        return res.end(fs.readFileSync(__dirname + '/../ext/livereload.js'));","      }","    };","    if (config.https == null) {","      app = http.createServer(requestHandler);","    } else {","      app = https.createServer(config.https, requestHandler);","    }","    if (config.server == null) {","      config.server = app;","    }","    server = new Server(config);","    if (!config.noListen) {","      server.listen(callback);","    }","    return server;","  };","","}).call(this);",""],"l":{"2":1,"3":1,"5":1,"7":1,"9":1,"11":1,"13":1,"15":1,"17":1,"19":1,"21":1,"23":1,"25":1,"27":1,"28":1,"29":0,"30":0,"31":0,"32":0,"34":0,"35":0,"37":0,"38":0,"40":0,"41":0,"43":0,"44":0,"46":0,"47":0,"48":0,"49":0,"51":0,"52":0,"54":0,"55":0,"57":0,"58":0,"62":1,"63":0,"64":0,"65":0,"66":0,"67":0,"71":0,"75":0,"76":0,"77":0,"78":0,"82":1,"83":0,"84":0,"85":0,"86":0,"87":0,"88":0,"89":0,"90":0,"91":0,"92":0,"97":0,"101":0,"102":0,"103":0,"106":0,"107":0,"108":0,"113":1,"114":0,"117":1,"118":0,"119":0,"126":1,"127":0,"128":0,"129":0,"130":0,"131":0,"132":0,"133":0,"134":0,"135":0,"139":0,"144":1,"145":0,"146":0,"147":0,"155":0,"158":1,"159":0,"160":0,"161":0,"165":0,"168":1,"169":0,"170":0,"171":0,"172":0,"173":0,"174":0,"175":0,"176":0,"177":0,"182":0,"185":1,"186":0,"187":0,"191":1,"192":0,"193":0,"194":0,"197":1,"201":1,"202":0,"203":0,"204":0,"206":0,"207":0,"208":0,"211":0,"214":0,"215":0,"217":0,"219":0,"220":0,"222":0,"223":0,"224":0,"226":0}},"/home/travis/build/npmtest/node-npmtest-livereload/node_modules/livereload/ext/livereload.js":{"path":"/home/travis/build/npmtest/node-npmtest-livereload/node_modules/livereload/ext/livereload.js","s":{"1":2,"2":1,"3":4,"4":4,"5":0,"6":0,"7":0,"8":0,"9":0,"10":0,"11":0,"12":4,"13":4,"14":2,"15":2,"16":2,"17":2,"18":2,"19":2,"20":0,"21":0,"22":0,"23":0,"24":0,"25":0,"26":1,"27":0,"28":0,"29":0,"30":0,"31":0,"32":0,"33":0,"34":0,"35":0,"36":0,"37":0,"38":0,"39":0,"40":0,"41":0,"42":0,"43":0,"44":0,"45":0,"46":0,"47":0,"48":0,"49":0,"50":0,"51":0,"52":0,"53":0,"54":0,"55":0,"56":0,"57":0,"58":0,"59":0,"60":0,"61":0,"62":0,"63":0,"64":0,"65":0,"66":0,"67":0,"68":0,"69":0,"70":0,"71":0,"72":0,"73":0,"74":0,"75":0,"76":0,"77":0,"78":0,"79":0,"80":0,"81":0,"82":0,"83":0,"84":0,"85":0,"86":0,"87":0,"88":0,"89":0,"90":0,"91":0,"92":0,"93":0,"94":0,"95":0,"96":0,"97":0,"98":0,"99":0,"100":0,"101":0,"102":0,"103":0,"104":0,"105":0,"106":0,"107":0,"108":0,"109":0,"110":0,"111":0,"112":0,"113":0,"114":0,"115":0,"116":0,"117":0,"118":0,"119":0,"120":0,"121":0,"122":0,"123":0,"124":0,"125":0,"126":0,"127":2,"128":2,"129":2,"130":0,"131":0,"132":0,"133":0,"134":0,"135":0,"136":0,"137":0,"138":0,"139":0,"140":0,"141":0,"142":0,"143":0,"144":0,"145":0,"146":0,"147":2,"148":2,"149":0,"150":0,"151":0,"152":0,"153":0,"154":1,"155":0,"156":0,"157":0,"158":0,"159":0,"160":0,"161":0,"162":0,"163":0,"164":0,"165":0,"166":0,"167":0,"168":0,"169":0,"170":0,"171":0,"172":0,"173":0,"174":0,"175":0,"176":0,"177":0,"178":0,"179":0,"180":0,"181":0,"182":0,"183":0,"184":0,"185":0,"186":0,"187":0,"188":0,"189":0,"190":0,"191":0,"192":0,"193":1,"194":0,"195":0,"196":0,"197":0,"198":0,"199":0,"200":0,"201":0,"202":0,"203":0,"204":0,"205":0,"206":0,"207":0,"208":0,"209":0,"210":0,"211":0,"212":0,"213":0,"214":0,"215":0,"216":0,"217":0,"218":0,"219":0,"220":0,"221":0,"222":0,"223":0,"224":0,"225":0,"226":0,"227":0,"228":0,"229":0,"230":0,"231":0,"232":0,"233":0,"234":0,"235":0,"236":0,"237":0,"238":0,"239":0,"240":0,"241":0,"242":0,"243":0,"244":0,"245":0,"246":0,"247":0,"248":0,"249":0,"250":0,"251":0,"252":0,"253":0,"254":0,"255":0,"256":0,"257":0,"258":0,"259":0,"260":0,"261":0,"262":0,"263":0,"264":0,"265":0,"266":0,"267":0,"268":0,"269":0,"270":0,"271":0,"272":0,"273":0,"274":0,"275":0,"276":0,"277":0,"278":0,"279":0,"280":0,"281":0,"282":0,"283":0,"284":0,"285":0,"286":0,"287":0,"288":0,"289":0,"290":0,"291":0,"292":0,"293":0,"294":0,"295":0,"296":1,"297":0,"298":0,"299":0,"300":0,"301":0,"302":0,"303":0,"304":0,"305":0,"306":0,"307":0,"308":0,"309":0,"310":0,"311":0,"312":0,"313":0,"314":0,"315":0,"316":0,"317":0,"318":0,"319":0,"320":0,"321":0,"322":0,"323":0,"324":0,"325":0,"326":0,"327":0,"328":0,"329":0,"330":0,"331":0,"332":0,"333":0,"334":0,"335":0,"336":0,"337":0,"338":0,"339":0,"340":0,"341":0,"342":1,"343":0,"344":0,"345":0,"346":1,"347":0,"348":0,"349":0,"350":0,"351":0,"352":0,"353":0,"354":0,"355":0,"356":0,"357":0,"358":0,"359":0,"360":0,"361":0,"362":0,"363":0,"364":0,"365":0,"366":0,"367":0,"368":0,"369":0,"370":0,"371":0,"372":0,"373":0,"374":0,"375":0,"376":0,"377":0,"378":0,"379":0,"380":0,"381":0,"382":0,"383":0,"384":0,"385":0,"386":0,"387":0,"388":0,"389":0,"390":0,"391":0,"392":0,"393":0,"394":0,"395":0,"396":0,"397":0,"398":0,"399":0,"400":0,"401":0,"402":0,"403":0,"404":0,"405":0,"406":0,"407":0,"408":0,"409":0,"410":0,"411":0,"412":0,"413":0,"414":0,"415":0,"416":0,"417":0,"418":0,"419":0,"420":0,"421":0,"422":0,"423":0,"424":0,"425":0,"426":0,"427":0,"428":0,"429":0,"430":0,"431":0,"432":0,"433":0,"434":0,"435":0,"436":0,"437":0,"438":0,"439":0,"440":1,"441":0,"442":0,"443":0,"444":0,"445":0,"446":0,"447":0,"448":0,"449":0,"450":0,"451":0,"452":0,"453":0,"454":0,"455":0,"456":0,"457":0,"458":0,"459":0,"460":0,"461":0,"462":0,"463":0,"464":0,"465":0,"466":0,"467":0,"468":0,"469":0,"470":0,"471":0,"472":0,"473":0,"474":0,"475":0,"476":0,"477":0,"478":0,"479":0,"480":0,"481":0,"482":0,"483":0,"484":0,"485":0,"486":0,"487":0,"488":0,"489":0,"490":0,"491":0,"492":0,"493":0,"494":0,"495":0,"496":0,"497":0,"498":0,"499":0,"500":0,"501":0,"502":0,"503":0,"504":0,"505":0,"506":0,"507":0,"508":0,"509":0,"510":0,"511":0,"512":0,"513":0,"514":0,"515":0,"516":0,"517":0,"518":0,"519":0,"520":0,"521":0,"522":0,"523":0,"524":0,"525":0,"526":0,"527":0,"528":0,"529":0,"530":0,"531":0,"532":0,"533":0,"534":0,"535":0,"536":0,"537":0,"538":0,"539":0,"540":0,"541":0,"542":0,"543":0,"544":0,"545":0,"546":0,"547":0,"548":0,"549":0,"550":0,"551":0,"552":0,"553":0,"554":0,"555":
[...]
  return function() {","          _this.console.log(\"LiveReload: the new stylesheet has finished loading\");","          _this.knownToSupportCssOnLoad = true;","          return executeCallback();","        };","      })(this);","      if (!this.knownToSupportCssOnLoad) {","        (poll = (function(_this) {","          return function() {","            if (clone.sheet) {","              _this.console.log(\"LiveReload is polling until the new CSS finishes loading...\");","              return executeCallback();","            } else {","              return _this.Timer.start(50, poll);","            }","          };","        })(this))();","      }","      return this.Timer.start(this.options.stylesheetReloadTimeout, executeCallback);","    };","","    Reloader.prototype.linkHref = function(link) {","      return link.href || link.getAttribute('data-href');","    };","","    Reloader.prototype.reattachStylesheetLink = function(link) {","      var clone, parent;","      if (link.__LiveReload_pendingRemoval) {","        return;","      }","      link.__LiveReload_pendingRemoval = true;","      if (link.tagName === 'STYLE') {","        clone = this.document.createElement('link');","        clone.rel = 'stylesheet';","        clone.media = link.media;","        clone.disabled = link.disabled;","      } else {","        clone = link.cloneNode(false);","      }","      clone.href = this.generateCacheBustUrl(this.linkHref(link));","      parent = link.parentNode;","      if (parent.lastChild === link) {","        parent.appendChild(clone);","      } else {","        parent.insertBefore(clone, link.nextSibling);","      }","      return this.waitUntilCssLoads(clone, (function(_this) {","        return function() {","          var additionalWaitingTime;","          if (/AppleWebKit/.test(navigator.userAgent)) {","            additionalWaitingTime = 5;","          } else {","            additionalWaitingTime = 200;","          }","          return _this.Timer.start(additionalWaitingTime, function() {","            var _ref;","            if (!link.parentNode) {","              return;","            }","            link.parentNode.removeChild(link);","            clone.onreadystatechange = null;","            return (_ref = _this.window.StyleFix) != null ? _ref.link(clone) : void 0;","          });","        };","      })(this));","    };","","    Reloader.prototype.reattachImportedRule = function(_arg) {","      var href, index, link, media, newRule, parent, rule, tempLink;","      rule = _arg.rule, index = _arg.index, link = _arg.link;","      parent = rule.parentStyleSheet;","      href = this.generateCacheBustUrl(rule.href);","      media = rule.media.length ? [].join.call(rule.media, ', ') : '';","      newRule = \"@import url(\\\"\" + href + \"\\\") \" + media + \";\";","      rule.__LiveReload_newHref = href;","      tempLink = this.document.createElement(\"link\");","      tempLink.rel = 'stylesheet';","      tempLink.href = href;","      tempLink.__LiveReload_pendingRemoval = true;","      if (link.parentNode) {","        link.parentNode.insertBefore(tempLink, link);","      }","      return this.Timer.start(this.importCacheWaitPeriod, (function(_this) {","        return function() {","          if (tempLink.parentNode) {","            tempLink.parentNode.removeChild(tempLink);","          }","          if (rule.__LiveReload_newHref !== href) {","            return;","          }","          parent.insertRule(newRule, index);","          parent.deleteRule(index + 1);","          rule = parent.cssRules[index];","          rule.__LiveReload_newHref = href;","          return _this.Timer.start(_this.importCacheWaitPeriod, function() {","            if (rule.__LiveReload_newHref !== href) {","              return;","            }","            parent.insertRule(newRule, index);","            return parent.deleteRule(index + 1);","          });","        };","      })(this));","    };","","    Reloader.prototype.generateUniqueString = function() {","      return 'livereload=' + Date.now();","    };","","    Reloader.prototype.generateCacheBustUrl = function(url, expando) {","      var hash, oldParams, originalUrl, params, _ref;","      if (expando == null) {","        expando = this.generateUniqueString();","      }","      _ref = splitUrl(url), url = _ref.url, hash = _ref.hash, oldParams = _ref.params;","      if (this.options.overrideURL) {","        if (url.indexOf(this.options.serverURL) < 0) {","          originalUrl = url;","          url = this.options.serverURL + this.options.overrideURL + \"?url=\" + encodeURIComponent(url);","          this.console.log(\"LiveReload is overriding source URL \" + originalUrl + \" with \" + url);","        }","      }","      params = oldParams.replace(/(\\?|&)livereload=(\\d+)/, function(match, sep) {","        return \"\" + sep + expando;","      });","      if (params === oldParams) {","        if (oldParams.length === 0) {","          params = \"?\" + expando;","        } else {","          params = \"\" + oldParams + \"&\" + expando;","        }","      }","      return url + params + hash;","    };","","    return Reloader;","","  })();","","}).call(this);","","},{}],8:[function(require,module,exports){","(function() {","  var CustomEvents, LiveReload, k;","","  CustomEvents = require('./customevents');","","  LiveReload = window.LiveReload = new (require('./livereload').LiveReload)(window);","","  for (k in window) {","    if (k.match(/^LiveReloadPlugin/)) {","      LiveReload.addPlugin(window[k]);","    }","  }","","  LiveReload.addPlugin(require('./less'));","","  LiveReload.on('shutdown', function() {","    return delete window.LiveReload;","  });","","  LiveReload.on('connect', function() {","    return CustomEvents.fire(document, 'LiveReloadConnect');","  });","","  LiveReload.on('disconnect', function() {","    return CustomEvents.fire(document, 'LiveReloadDisconnect');","  });","","  CustomEvents.bind(document, 'LiveReloadShutDown', function() {","    return LiveReload.shutDown();","  });","","}).call(this);","","},{\"./customevents\":2,\"./less\":3,\"./livereload\":4}],9:[function(require,module,exports){","(function() {","  var Timer;","","  exports.Timer = Timer = (function() {","    function Timer(func) {","      this.func = func;","      this.running = false;","      this.id = null;","      this._handler = (function(_this) {","        return function() {","          _this.running = false;","          _this.id = null;","          return _this.func();","        };","      })(this);","    }","","    Timer.prototype.start = function(timeout) {","      if (this.running) {","        clearTimeout(this.id);","      }","      this.id = setTimeout(this._handler, timeout);","      return this.running = true;","    };","","    Timer.prototype.stop = function() {","      if (this.running) {","        clearTimeout(this.id);","        this.running = false;","        return this.id = null;","      }","    };","","    return Timer;","","  })();","","  Timer.start = function(timeout, func) {","    return setTimeout(func, timeout);","  };","","}).call(this);","","},{}]},{},[8]);",""],"l":{"1":4,"2":0,"3":0,"5":0,"7":0,"9":0,"10":1,"11":0,"12":0,"13":0,"14":0,"15":0,"16":0,"17":0,"18":0,"19":0,"21":0,"22":0,"23":0,"24":0,"25":0,"26":0,"30":0,"31":0,"32":0,"36":0,"37":0,"41":0,"42":0,"43":0,"44":0,"46":0,"47":0,"50":0,"51":0,"52":0,"53":0,"55":0,"58":0,"61":0,"62":0,"65":0,"66":0,"67":0,"68":0,"70":0,"71":0,"72":0,"73":0,"74":0,"75":0,"76":0,"77":0,"80":0,"81":0,"82":0,"85":0,"86":0,"87":0,"90":0,"91":0,"92":0,"97":0,"98":0,"99":0,"100":0,"101":0,"103":0,"104":0,"107":0,"108":0,"109":0,"111":0,"112":0,"113":0,"117":0,"118":0,"119":0,"121":0,"124":0,"125":0,"128":0,"129":0,"130":0,"131":0,"134":0,"135":0,"136":0,"137":0,"138":0,"142":0,"143":0,"144":0,"146":0,"147":0,"149":0,"150":0,"152":0,"153":0,"156":0,"157":0,"158":0,"159":0,"162":0,"164":0,"165":0,"168":0,"175":2,"176":2,"178":2,"180":0,"181":0,"182":0,"183":0,"184":0,"185":0,"186":0,"190":0,"194":0,"195":0,"196":0,"197":0,"198":0,"199":0,"200":0,"201":0,"204":0,"209":2,"211":2,"216":0,"217":0,"219":0,"220":0,"222":0,"224":1,"225":0,"226":0,"229":0,"230":0,"231":0,"232":0,"234":0,"235":0,"238":0,"241":0,"242":0,"243":0,"244":0,"245":0,"246":0,"247":0,"248":0,"249":0,"250":0,"253":0,"255":0,"256":0,"258":0,"259":0,"260":0,"262":0,"263":0,"264":0,"267":0,"268":0,"273":0,"280":0,"281":0,"284":0,"286":0,"288":0,"290":0,"292":0,"293":1,"294":0,"295":0,"296":0,"297":0,"298":0,"299":0,"306":0,"307":0,"308":0,"310":0,"311":0,"312":0,"313":0,"314":0,"315":0,"316":0,"319":0,"320":0,"321":0,"322":0,"325":0,"326":0,"328":0,"331":0,"334":0,"335":0,"336":0,"337":0,"339":0,"340":0,"344":0,"345":0,"346":0,"347":0,"350":0,"351":0,"357":0,"358":0,"359":0,"360":0,"362":0,"364":0,"366":0,"368":0,"370":0,"372":0,"374":0,"376":0,"381":0,"382":0,"384":0,"386":0,"391":0,"394":0,"395":0,"398":0,"399":0,"402":0,"403":0,"404":0,"405":0,"414":0,"415":0,"418":0,"419":0,"420":0,"421":0,"423":0,"424":0,"425":0,"428":0,"429":0,"432":0,"433":0,"434":0,"435":0,"437":0,"438":0,"440":0,"441":0,"448":0,"449":0,"453":0,"454":0,"457":0,"458":0,"459":0,"460":0,"462":0,"463":0,"465":0,"466":0,"467":0,"468":0,"469":0,"470":0,"472":0,"479":0,"486":0,"487":0,"489":0,"490":1,"491":0,"492":0,"493":0,"494":0,"495":0,"496":0,"497":0,"498":0,"499":0,"502":0,"503":0,"504":0,"506":0,"507":0,"509":0,"512":0,"516":0,"517":0,"518":0,"519":0,"520":0,"521":0,"522":0,"523":0,"524":0,"525":0,"526":0,"527":0,"530":0,"531":0,"532":0,"533":0,"534":0,"535":0,"539":0,"542":0,"548":0,"549":0,"550":0,"552":0,"554":0,"556":0,"557":1,"558":0,"561":0,"565":0,"566":1,"567":0,"568":0,"571":0,"572":0,"575":0,"576":0,"577":0,"578":0,"579":0,"580":0,"581":0,"582":0,"583":0,"584":0,"585":0,"586":0,"587":0,"589":0,"592":0,"593":0,"594":0,"595":0,"596":0,"598":0,"599":0,"600":0,"602":0,"608":0,"609":0,"612":0,"613":0,"614":0,"616":0,"621":0,"622":0,"623":0,"624":0,"626":0,"627":0,"629":0,"630":0,"632":0,"633":0,"635":0,"638":0,"645":0,"646":0,"648":0,"649":0,"650":0,"651":0,"652":0,"654":0,"656":0,"657":0,"658":0,"660":0,"662":0,"669":0,"670":0,"671":0,"672":0,"673":0,"675":0,"677":0,"680":0,"681":0,"682":0,"685":0,"686":0,"687":0,"688":0,"689":0,"695":0,"696":0,"698":0,"702":0,"703":0,"704":0,"705":0,"706":0,"707":0,"709":0,"710":0,"711":0,"712":0,"713":0,"714":0,"716":0,"719":0,"720":0,"723":0,"733":0,"734":1,"735":0,"736":0,"737":0,"738":0,"739":0,"740":0,"743":0,"744":0,"747":0,"748":0,"751":0,"752":0,"753":0,"754":0,"755":0,"757":0,"758":0,"759":0,"760":0,"761":0,"764":0,"765":0,"766":0,"767":0,"771":0,"772":0,"773":0,"774":0,"777":0,"780":0,"781":0,"784":0,"785":0,"786":0,"787":0,"788":0,"789":0,"790":0,"791":0,"794":0,"795":0,"796":0,"797":0,"798":0,"799":0,"800":0,"804":0,"805":0,"806":0,"807":0,"808":0,"809":0,"811":0,"815":0,"816":0,"817":0,"818":0,"820":0,"822":0,"823":0,"825":0,"826":0,"827":0,"829":0,"830":0,"832":0,"833":0,"834":0,"836":0,"838":0,"843":0,"844":0,"845":0,"846":0,"847":0,"848":0,"849":0,"850":0,"851":0,"852":0,"854":0,"858":0,"859":0,"865":0,"866":0,"867":0,"868":0,"869":0,"870":0,"871":0,"872":0,"873":0,"874":0,"877":0,"879":0,"880":0,"881":0,"882":0,"883":0,"884":0,"887":0,"888":0,"889":0,"891":0,"892":0,"893":0,"894":0,"895":0,"898":0,"899":0,"900":0,"901":0,"904":0,"905":0,"906":0,"907":0,"909":0,"910":0,"913":0,"914":0,"915":0,"916":0,"919":0,"922":0,"923":0,"924":0,"925":0,"927":0,"929":0,"930":0,"931":0,"932":0,"934":0,"936":0,"942":0,"943":0,"945":0,"951":0,"952":0,"953":0,"954":0,"955":0,"956":0,"957":0,"959":0,"960":0,"963":0,"964":0,"965":0,"966":0,"967":0,"970":0,"971":0,"972":0,"973":0,"974":0,"975":0,"977":0,"982":0,"985":0,"986":0,"989":0,"990":0,"991":0,"992":0,"994":0,"995":0,"996":0,"997":0,"998":0,"999":0,"1001":0,"1003":0,"1004":0,"1005":0,"1006":0,"1008":0,"1010":0,"1011":0,"1012":0,"1013":0,"1014":0,"1016":0,"1018":0,"1019":0,"1020":0,"1021":0,"1023":0,"1024":0,"1025":0,"1031":0,"1032":0,"1033":0,"1034":0,"1035":0,"1036":0,"1037":0,"1038":0,"1039":0,"1040":0,"1041":0,"1042":0,"1043":0,"1044":0,"1046":0,"1047":0,"1048":0,"1049":0,"1051":0,"1052":0,"1054":0,"1055":0,"1056":0,"1057":0,"1058":0,"1059":0,"1060":0,"1062":0,"1063":0,"1069":0,"1070":0,"1073":0,"1074":0,"1075":0,"1076":0,"1078":0,"1079":0,"1080":0,"1081":0,"1082":0,"1083":0,"1086":0,"1087":0,"1089":0,"1090":0,"1091":0,"1093":0,"1096":0,"1099":0,"1106":2,"1107":2,"1109":2,"1111":2,"1113":0,"1114":0,"1115":0,"1119":0,"1121":0,"1122":0,"1125":0,"1126":0,"1129":0,"1130":0,"1133":0,"1134":0,"1140":0,"1141":0,"1143":0,"1144":1,"1145":0,"1146":0,"1147":0,"1148":0,"1149":0,"1150":0,"1151":0,"1152":0,"1157":0,"1158":0,"1159":0,"1161":0,"1162":0,"1165":0,"1166":0,"1167":0,"1168":0,"1169":0,"1173":0,"1177":0,"1178":0}},"/home/travis/build/npmtest/node-npmtest-livereload/node_modules/livereload/lib/command.js":{"path":"/home/travis/build/npmtest/node-npmtest-livereload/node_modules/livereload/lib/command.js","s":{"1":1,"2":1,"3":1,"4":0,"5":0,"6":0,"7":0,"8":0,"9":0,"10":0,"11":0,"12":0,"13":0,"14":0,"15":0,"16":0,"17":0,"18":0,"19":0,"20":0,"21":0,"22":0,"23":0,"24":0,"25":0,"26":1},"b":{"1":[0,0],"2":[0,0],"3":[0,0],"4":[0,0],"5":[0,0],"6":[0,0]},"f":{"1":1,"2":0,"3":0,"4":0,"5":0,"6":0},"fnMap":{"1":{"name":"(anonymous_1)","line":2,"loc":{"start":{"line":2,"column":1},"end":{"line":2,"column":12}}},"2":{"name":"(anonymous_2)","line":5,"loc":{"start":{"line":5,"column":11},"end":{"line":5,"column":22}}},"3":{"name":"(anonymous_3)","line":19,"loc":{"start":{"line":19,"column":18},"end":{"line":19,"column":29}}},"4":{"name":"(anonymous_4)","line":40,"loc":{"start":{"line":40,"column":18},"end":{"line":40,"column":29}}},"5":{"name":"(anonymous_5)","line":64,"loc":{"start":{"line":64,"column":80},"end":{"line":64,"column":92}}},"6":{"name":"(anonymous_6)","line":78,"loc":{"start":{"line":78,"column":57},"end":{"line":78,"column":69}}}},"statementMap":{"1":{"start":{"line":2,"column":0},"end":{"line":89,"column":14}},"2":{"start":{"line":3,"column":2},"end":{"line":3,"column":13}},"3":{"start":{"line":5,"column":2},"end":{"line":83,"column":4}},"4":{"start":{"line":6,"column":4},"end":{"line":6,"column":113}},"5":{"start":{"line":7,"column":4},"end":{"line":7,"column":39}},"6":{"start":{"line":8,"column":4},"end":{"line":8,"column":28}},"7":{"start":{"line":9,"column":4},"end":{"line":9,"column":41}},"8":{"start":{"line":10,"column":4},"end":{"line":10,"column":38}},"9":{"start":{"line":11,"column":4},"end":{"line":11,"column":27}},"10":{"start":{"line":12,"column":4},"end":{"line":12,"column":18}},"11":{"start":{"line":13,"column":4},"end":{"line":62,"column":23}},"12":{"start":{"line":20,"column":10},"end":{"line":20,"column":31}},"13":{"start":{"line":21,"column":10},"end":{"line":21,"column":33}},"14":{"start":{"line":41,"column":10},"end":{"line":41,"column":30}},"15":{"start":{"line":63,"column":4},"end":{"line":63,"column":37}},"16":{"start":{"line":64,"column":4},"end":{"line":66,"column":12}},"17":{"start":{"line":65,"column":6},"end":{"line":65,"column":27}},"18":{"start":{"line":67,"column":4},"end":{"line":67,"column":63}},"19":{"start":{"line":68,"column":4},"end":{"line":68,"column":49}},"20":{"start":{"line":69,"column":4},"end":{"line":69,"column":33}},"21":{"start":{"line":70,"column":4},"end":{"line":77,"column":7}},"22":{"start":{"line":78,"column":4},"end":{"line":80,"column":7}},"23":{"start":{"line":79,"column":6},"end":{"line":79,"column":24}},"24":{"start":{"line":81,"column":4},"end":{"line":81,"column":95}},"25":{"start":{"line":82,"column":4},"end":{"line":82,"column":30}},"26":{"start":{"line":85,"column":2},"end":{"line":87,"column":4}}},"branchMap":{"1":{"line":63,"type":"binary-expr","locations":[{"start":{"line":63,"column":11},"end":{"line":63,"column":27}},{"start":{"line":63,"column":31},"end":{"line":63,"column":36}}]},"2":{"line":64,"type":"cond-expr","locations":[{"start":{"line":64,"column":42},"end":{"line":66,"column":6}},{"start":{"line":66,"column":9},"end":{"line":66,"column":11}}]},"3":{"line":67,"type":"cond-expr","locations":[{"start":{"line":67,"column":30},"end":{"line":67,"column":57}},{"start":{"line":67,"column":60},"end":{"line":67,"column":62}}]},"4":{"line":68,"type":"binary-expr","locations":[{"start":{"line":68,"column":17},"end":{"line":68,"column":39}},{"start":{"line":68,"column":43},"end":{"line":68,"column":48}}]},"5":{"line":69,"type":"binary-expr","locations":[{"start":{"line":69,"column":11},"end":{"line":69,"column":27}},{"start":{"line":69,"column":31},"end":{"line":69,"column":32}}]},"6":{"line":78,"type":"binary-expr","locations":[{"start":{"line":78,"column":12},"end":{"line":78,"column":27}},{"start":{"line":78,"column":31},"end":{"line":78,"column":34}}]}},"code":["// Generated by CoffeeScript 1.12.4","(function() {","  var runner;","","  runner = function() {","    var debug, exclusions, exts, livereload, opts, path, pjson, port, resolve, server, usePolling, version, wait;","    pjson = require('../package.json');","    version = pjson.version;","    livereload = require('./livereload');","    resolve = require('path').resolve;","    opts = require('opts');","    debug = false;","    opts.parse([","      {","        short: \"v\",","        long: \"version\",","        description: \"Show the version\",","        required: false,","        callback: function() {","          console.log(version);","          return process.exit(1);","        }","      }, {","        short: \"p\",","        long: \"port\",","        description: \"Specify the port\",","        value: true,","        required: false","      }, {","        short: \"x\",","        long: \"exclusions\",","        description: \"Exclude files by specifying an array of regular expressions. Will be appended to default value which is [/\\.git\\//, /\\.svn\\//, /\\.hg\\//]\",","        required: false,","        value: true","      }, {","        short: \"d\",","        long: \"debug\",","        description: \"Additional debugging information\",","        required: false,","        callback: function() {","          return debug = true;","        }","      }, {","        short: \"e\",","        long: \"exts\",","        description: \"An array of extensions you want to observe. An example 'jade scss' (quotes are required). In addition to the defaults (html, css, js, png, gif, jpg, php, php5, py, rb, erb, and \\\"coffee.\\\").\",","        required: false,","        value: true","      }, {","        short: \"u\",","        long: \"usepolling\",","        description: \"Poll for file system changes. Set this to true to successfully watch files over a network.\",","        required: false,","        value: true","      }, {","        short: \"w\",","        long: \"wait\",","        description: \"delay message of file system changes to browser by `delay` milliseconds\",","        required: false,","        value: true","      }","    ].reverse(), true);","    port = opts.get('port') || 35729;","    exclusions = opts.get('exclusions') ? opts.get('exclusions').split(',').map(function(s) {","      return new RegExp(s);","    }) : [];","    exts = opts.get('exts') ? opts.get('exts').split(',') : [];","    usePolling = opts.get('usepolling') || false;","    wait = opts.get('wait') || 0;","    server = livereload.createServer({","      port: port,","      debug: debug,","      exclusions: exclusions,","      exts: exts,","      usePolling: usePolling,","      delay: wait","    });","    path = (process.argv[2] || '.').split(/\\s*,\\s*/).map(function(x) {","      return resolve(x);","    });","    console.log(\"Starting LiveReload v\" + version + \" for \" + path + \" on port \" + port + \".\");","    return server.watch(path);","  };","","  module.exports = {","    run: runner","  };","","}).call(this);",""],"l":{"2":1,"3":1,"5":1,"6":0,"7":0,"8":0,"9":0,"10":0,"11":0,"12":0,"13":0,"20":0,"21":0,"41":0,"63":0,"64":0,"65":0,"67":0,"68":0,"69":0,"70":0,"78":0,"79":0,"81":0,"82":0,"85":1}}}